ARM GAS  C:\Users\Angus\AppData\Local\Temp\ccfKgvua.s 			page 1


   1              		.syntax unified
   2              		.cpu cortex-m3
   3              		.fpu softvfp
   4              		.eabi_attribute 20, 1
   5              		.eabi_attribute 21, 1
   6              		.eabi_attribute 23, 3
   7              		.eabi_attribute 24, 1
   8              		.eabi_attribute 25, 1
   9              		.eabi_attribute 26, 1
  10              		.eabi_attribute 30, 1
  11              		.eabi_attribute 34, 1
  12              		.eabi_attribute 18, 4
  13              		.thumb
  14              		.syntax unified
  15              		.file	"cymetadata.c"
  16              		.text
  17              	.Ltext0:
  18              		.cfi_sections	.debug_frame
  19              		.global	cy_metadata
  20              		.global	cy_meta_flashprotect
  21              		.global	cy_meta_wonvl
  22              		.global	cy_meta_custnvl
  23              		.global	cy_meta_configecc
  24              		.section	.cyconfigecc,"a",%progbits
  25              		.align	2
  26              		.type	cy_meta_configecc, %object
  27              		.size	cy_meta_configecc, 816
  28              	cy_meta_configecc:
  29 0000 03       		.byte	3
  30 0001 65       		.byte	101
  31 0002 00       		.byte	0
  32 0003 40       		.byte	64
  33 0004 04       		.byte	4
  34 0005 00       		.byte	0
  35 0006 01       		.byte	1
  36 0007 40       		.byte	64
  37 0008 01       		.byte	1
  38 0009 01       		.byte	1
  39 000a 01       		.byte	1
  40 000b 40       		.byte	64
  41 000c 01       		.byte	1
  42 000d 03       		.byte	3
  43 000e 01       		.byte	1
  44 000f 40       		.byte	64
  45 0010 01       		.byte	1
  46 0011 0D       		.byte	13
  47 0012 01       		.byte	1
  48 0013 40       		.byte	64
  49 0014 01       		.byte	1
  50 0015 15       		.byte	21
  51 0016 01       		.byte	1
  52 0017 40       		.byte	64
  53 0018 68       		.byte	104
  54 0019 18       		.byte	24
  55 001a 01       		.byte	1
  56 001b 40       		.byte	64
  57 001c 3A       		.byte	58
ARM GAS  C:\Users\Angus\AppData\Local\Temp\ccfKgvua.s 			page 2


  58 001d 19       		.byte	25
  59 001e 01       		.byte	1
  60 001f 40       		.byte	64
  61 0020 10       		.byte	16
  62 0021 1A       		.byte	26
  63 0022 01       		.byte	1
  64 0023 40       		.byte	64
  65 0024 48       		.byte	72
  66 0025 1B       		.byte	27
  67 0026 01       		.byte	1
  68 0027 40       		.byte	64
  69 0028 02       		.byte	2
  70 0029 44       		.byte	68
  71 002a 01       		.byte	1
  72 002b 40       		.byte	64
  73 002c 02       		.byte	2
  74 002d 45       		.byte	69
  75 002e 01       		.byte	1
  76 002f 40       		.byte	64
  77 0030 02       		.byte	2
  78 0031 46       		.byte	70
  79 0032 01       		.byte	1
  80 0033 40       		.byte	64
  81 0034 01       		.byte	1
  82 0035 47       		.byte	71
  83 0036 01       		.byte	1
  84 0037 40       		.byte	64
  85 0038 02       		.byte	2
  86 0039 48       		.byte	72
  87 003a 01       		.byte	1
  88 003b 40       		.byte	64
  89 003c 01       		.byte	1
  90 003d 49       		.byte	73
  91 003e 01       		.byte	1
  92 003f 40       		.byte	64
  93 0040 01       		.byte	1
  94 0041 4C       		.byte	76
  95 0042 01       		.byte	1
  96 0043 40       		.byte	64
  97 0044 0A       		.byte	10
  98 0045 4D       		.byte	77
  99 0046 01       		.byte	1
 100 0047 40       		.byte	64
 101 0048 04       		.byte	4
 102 0049 50       		.byte	80
 103 004a 01       		.byte	1
 104 004b 40       		.byte	64
 105 004c 88       		.byte	-120
 106 004d 0F       		.byte	15
 107 004e 8A       		.byte	-118
 108 004f 72       		.byte	114
 109 0050 8B       		.byte	-117
 110 0051 38       		.byte	56
 111 0052 39       		.byte	57
 112 0053 80       		.byte	-128
 113 0054 3F       		.byte	63
 114 0055 40       		.byte	64
ARM GAS  C:\Users\Angus\AppData\Local\Temp\ccfKgvua.s 			page 3


 115 0056 59       		.byte	89
 116 0057 04       		.byte	4
 117 0058 5F       		.byte	95
 118 0059 01       		.byte	1
 119 005a 20       		.byte	32
 120 005b 01       		.byte	1
 121 005c B4       		.byte	-76
 122 005d 01       		.byte	1
 123 005e EC       		.byte	-20
 124 005f 10       		.byte	16
 125 0060 EC       		.byte	-20
 126 0061 10       		.byte	16
 127 0062 05       		.byte	5
 128 0063 10       		.byte	16
 129 0064 06       		.byte	6
 130 0065 08       		.byte	8
 131 0066 07       		.byte	7
 132 0067 AC       		.byte	-84
 133 0068 08       		.byte	8
 134 0069 11       		.byte	17
 135 006a 0A       		.byte	10
 136 006b 06       		.byte	6
 137 006c 0C       		.byte	12
 138 006d 11       		.byte	17
 139 006e 0D       		.byte	13
 140 006f 14       		.byte	20
 141 0070 0E       		.byte	14
 142 0071 0E       		.byte	14
 143 0072 11       		.byte	17
 144 0073 0C       		.byte	12
 145 0074 13       		.byte	19
 146 0075 71       		.byte	113
 147 0076 14       		.byte	20
 148 0077 0C       		.byte	12
 149 0078 16       		.byte	22
 150 0079 13       		.byte	19
 151 007a 17       		.byte	23
 152 007b 03       		.byte	3
 153 007c 18       		.byte	24
 154 007d 40       		.byte	64
 155 007e 19       		.byte	25
 156 007f 10       		.byte	16
 157 0080 1B       		.byte	27
 158 0081 40       		.byte	64
 159 0082 1E       		.byte	30
 160 0083 0C       		.byte	12
 161 0084 20       		.byte	32
 162 0085 20       		.byte	32
 163 0086 21       		.byte	33
 164 0087 09       		.byte	9
 165 0088 22       		.byte	34
 166 0089 03       		.byte	3
 167 008a 23       		.byte	35
 168 008b D0       		.byte	-48
 169 008c 29       		.byte	41
 170 008d DC       		.byte	-36
 171 008e 2B       		.byte	43
ARM GAS  C:\Users\Angus\AppData\Local\Temp\ccfKgvua.s 			page 4


 172 008f 22       		.byte	34
 173 0090 2F       		.byte	47
 174 0091 20       		.byte	32
 175 0092 32       		.byte	50
 176 0093 0F       		.byte	15
 177 0094 34       		.byte	52
 178 0095 40       		.byte	64
 179 0096 35       		.byte	53
 180 0097 1F       		.byte	31
 181 0098 36       		.byte	54
 182 0099 30       		.byte	48
 183 009a 37       		.byte	55
 184 009b E0       		.byte	-32
 185 009c 38       		.byte	56
 186 009d 80       		.byte	-128
 187 009e 3A       		.byte	58
 188 009f 08       		.byte	8
 189 00a0 3B       		.byte	59
 190 00a1 80       		.byte	-128
 191 00a2 3E       		.byte	62
 192 00a3 10       		.byte	16
 193 00a4 40       		.byte	64
 194 00a5 65       		.byte	101
 195 00a6 41       		.byte	65
 196 00a7 04       		.byte	4
 197 00a8 45       		.byte	69
 198 00a9 0E       		.byte	14
 199 00aa 46       		.byte	70
 200 00ab CB       		.byte	-53
 201 00ac 48       		.byte	72
 202 00ad 0D       		.byte	13
 203 00ae 49       		.byte	73
 204 00af FF       		.byte	-1
 205 00b0 4A       		.byte	74
 206 00b1 FF       		.byte	-1
 207 00b2 4B       		.byte	75
 208 00b3 FF       		.byte	-1
 209 00b4 4E       		.byte	78
 210 00b5 F0       		.byte	-16
 211 00b6 4F       		.byte	79
 212 00b7 44       		.byte	68
 213 00b8 50       		.byte	80
 214 00b9 0C       		.byte	12
 215 00ba 54       		.byte	84
 216 00bb 01       		.byte	1
 217 00bc 58       		.byte	88
 218 00bd 04       		.byte	4
 219 00be 59       		.byte	89
 220 00bf 04       		.byte	4
 221 00c0 5A       		.byte	90
 222 00c1 04       		.byte	4
 223 00c2 5B       		.byte	91
 224 00c3 04       		.byte	4
 225 00c4 5C       		.byte	92
 226 00c5 11       		.byte	17
 227 00c6 5D       		.byte	93
 228 00c7 11       		.byte	17
ARM GAS  C:\Users\Angus\AppData\Local\Temp\ccfKgvua.s 			page 5


 229 00c8 5F       		.byte	95
 230 00c9 01       		.byte	1
 231 00ca 66       		.byte	102
 232 00cb C0       		.byte	-64
 233 00cc 6A       		.byte	106
 234 00cd 40       		.byte	64
 235 00ce 6B       		.byte	107
 236 00cf 02       		.byte	2
 237 00d0 85       		.byte	-123
 238 00d1 44       		.byte	68
 239 00d2 87       		.byte	-121
 240 00d3 31       		.byte	49
 241 00d4 89       		.byte	-119
 242 00d5 01       		.byte	1
 243 00d6 8B       		.byte	-117
 244 00d7 0E       		.byte	14
 245 00d8 8C       		.byte	-116
 246 00d9 73       		.byte	115
 247 00da 8E       		.byte	-114
 248 00db 04       		.byte	4
 249 00dc 92       		.byte	-110
 250 00dd 08       		.byte	8
 251 00de 94       		.byte	-108
 252 00df 2A       		.byte	42
 253 00e0 95       		.byte	-107
 254 00e1 67       		.byte	103
 255 00e2 96       		.byte	-106
 256 00e3 44       		.byte	68
 257 00e4 98       		.byte	-104
 258 00e5 73       		.byte	115
 259 00e6 99       		.byte	-103
 260 00e7 67       		.byte	103
 261 00e8 9A       		.byte	-102
 262 00e9 0C       		.byte	12
 263 00ea A5       		.byte	-91
 264 00eb 22       		.byte	34
 265 00ec A7       		.byte	-89
 266 00ed D1       		.byte	-47
 267 00ee A8       		.byte	-88
 268 00ef 03       		.byte	3
 269 00f0 AA       		.byte	-86
 270 00f1 44       		.byte	68
 271 00f2 AE       		.byte	-82
 272 00f3 55       		.byte	85
 273 00f4 B0       		.byte	-80
 274 00f5 30       		.byte	48
 275 00f6 B1       		.byte	-79
 276 00f7 80       		.byte	-128
 277 00f8 B3       		.byte	-77
 278 00f9 60       		.byte	96
 279 00fa B4       		.byte	-76
 280 00fb 0F       		.byte	15
 281 00fc B5       		.byte	-75
 282 00fd 07       		.byte	7
 283 00fe B6       		.byte	-74
 284 00ff 40       		.byte	64
 285 0100 B7       		.byte	-73
ARM GAS  C:\Users\Angus\AppData\Local\Temp\ccfKgvua.s 			page 6


 286 0101 18       		.byte	24
 287 0102 B8       		.byte	-72
 288 0103 02       		.byte	2
 289 0104 BA       		.byte	-70
 290 0105 28       		.byte	40
 291 0106 BE       		.byte	-66
 292 0107 41       		.byte	65
 293 0108 BF       		.byte	-65
 294 0109 40       		.byte	64
 295 010a C0       		.byte	-64
 296 010b 04       		.byte	4
 297 010c C5       		.byte	-59
 298 010d 04       		.byte	4
 299 010e C9       		.byte	-55
 300 010f FF       		.byte	-1
 301 0110 CA       		.byte	-54
 302 0111 07       		.byte	7
 303 0112 CB       		.byte	-53
 304 0113 FF       		.byte	-1
 305 0114 CC       		.byte	-52
 306 0115 40       		.byte	64
 307 0116 CD       		.byte	-51
 308 0117 20       		.byte	32
 309 0118 CE       		.byte	-50
 310 0119 F0       		.byte	-16
 311 011a CF       		.byte	-49
 312 011b 05       		.byte	5
 313 011c D0       		.byte	-48
 314 011d 08       		.byte	8
 315 011e D8       		.byte	-40
 316 011f 04       		.byte	4
 317 0120 D9       		.byte	-39
 318 0121 04       		.byte	4
 319 0122 DA       		.byte	-38
 320 0123 04       		.byte	4
 321 0124 DC       		.byte	-36
 322 0125 11       		.byte	17
 323 0126 DD       		.byte	-35
 324 0127 01       		.byte	1
 325 0128 DF       		.byte	-33
 326 0129 01       		.byte	1
 327 012a E0       		.byte	-32
 328 012b 40       		.byte	64
 329 012c E1       		.byte	-31
 330 012d A8       		.byte	-88
 331 012e E2       		.byte	-30
 332 012f 40       		.byte	64
 333 0130 E3       		.byte	-29
 334 0131 20       		.byte	32
 335 0132 03       		.byte	3
 336 0133 01       		.byte	1
 337 0134 05       		.byte	5
 338 0135 14       		.byte	20
 339 0136 07       		.byte	7
 340 0137 01       		.byte	1
 341 0138 09       		.byte	9
 342 0139 08       		.byte	8
ARM GAS  C:\Users\Angus\AppData\Local\Temp\ccfKgvua.s 			page 7


 343 013a 0A       		.byte	10
 344 013b 04       		.byte	4
 345 013c 0B       		.byte	11
 346 013d 80       		.byte	-128
 347 013e 0D       		.byte	13
 348 013f 08       		.byte	8
 349 0140 0E       		.byte	14
 350 0141 02       		.byte	2
 351 0142 0F       		.byte	15
 352 0143 08       		.byte	8
 353 0144 10       		.byte	16
 354 0145 02       		.byte	2
 355 0146 11       		.byte	17
 356 0147 20       		.byte	32
 357 0148 13       		.byte	19
 358 0149 20       		.byte	32
 359 014a 15       		.byte	21
 360 014b 02       		.byte	2
 361 014c 18       		.byte	24
 362 014d 40       		.byte	64
 363 014e 19       		.byte	25
 364 014f 98       		.byte	-104
 365 0150 1A       		.byte	26
 366 0151 0C       		.byte	12
 367 0152 1D       		.byte	29
 368 0153 08       		.byte	8
 369 0154 1E       		.byte	30
 370 0155 0A       		.byte	10
 371 0156 1F       		.byte	31
 372 0157 48       		.byte	72
 373 0158 20       		.byte	32
 374 0159 02       		.byte	2
 375 015a 21       		.byte	33
 376 015b 14       		.byte	20
 377 015c 23       		.byte	35
 378 015d 40       		.byte	64
 379 015e 27       		.byte	39
 380 015f 09       		.byte	9
 381 0160 28       		.byte	40
 382 0161 20       		.byte	32
 383 0162 2C       		.byte	44
 384 0163 02       		.byte	2
 385 0164 2F       		.byte	47
 386 0165 48       		.byte	72
 387 0166 33       		.byte	51
 388 0167 14       		.byte	20
 389 0168 34       		.byte	52
 390 0169 04       		.byte	4
 391 016a 36       		.byte	54
 392 016b 10       		.byte	16
 393 016c 37       		.byte	55
 394 016d 09       		.byte	9
 395 016e 39       		.byte	57
 396 016f 28       		.byte	40
 397 0170 3B       		.byte	59
 398 0171 08       		.byte	8
 399 0172 3E       		.byte	62
ARM GAS  C:\Users\Angus\AppData\Local\Temp\ccfKgvua.s 			page 8


 400 0173 04       		.byte	4
 401 0174 3F       		.byte	63
 402 0175 80       		.byte	-128
 403 0176 40       		.byte	64
 404 0177 40       		.byte	64
 405 0178 47       		.byte	71
 406 0179 01       		.byte	1
 407 017a 49       		.byte	73
 408 017b 04       		.byte	4
 409 017c 4A       		.byte	74
 410 017d 10       		.byte	16
 411 017e 4C       		.byte	76
 412 017f 02       		.byte	2
 413 0180 4E       		.byte	78
 414 0181 24       		.byte	36
 415 0182 4F       		.byte	79
 416 0183 08       		.byte	8
 417 0184 50       		.byte	80
 418 0185 02       		.byte	2
 419 0186 51       		.byte	81
 420 0187 01       		.byte	1
 421 0188 55       		.byte	85
 422 0189 10       		.byte	16
 423 018a 57       		.byte	87
 424 018b 40       		.byte	64
 425 018c 5C       		.byte	92
 426 018d 02       		.byte	2
 427 018e 5D       		.byte	93
 428 018f 80       		.byte	-128
 429 0190 5E       		.byte	94
 430 0191 08       		.byte	8
 431 0192 5F       		.byte	95
 432 0193 20       		.byte	32
 433 0194 C0       		.byte	-64
 434 0195 E1       		.byte	-31
 435 0196 C2       		.byte	-62
 436 0197 EE       		.byte	-18
 437 0198 C4       		.byte	-60
 438 0199 13       		.byte	19
 439 019a CA       		.byte	-54
 440 019b B2       		.byte	-78
 441 019c CC       		.byte	-52
 442 019d E6       		.byte	-26
 443 019e CE       		.byte	-50
 444 019f 56       		.byte	86
 445 01a0 D0       		.byte	-48
 446 01a1 81       		.byte	-127
 447 01a2 D2       		.byte	-46
 448 01a3 30       		.byte	48
 449 01a4 D6       		.byte	-42
 450 01a5 F0       		.byte	-16
 451 01a6 86       		.byte	-122
 452 01a7 02       		.byte	2
 453 01a8 88       		.byte	-120
 454 01a9 01       		.byte	1
 455 01aa 92       		.byte	-110
 456 01ab 02       		.byte	2
ARM GAS  C:\Users\Angus\AppData\Local\Temp\ccfKgvua.s 			page 9


 457 01ac 94       		.byte	-108
 458 01ad 01       		.byte	1
 459 01ae A0       		.byte	-96
 460 01af 01       		.byte	1
 461 01b0 A8       		.byte	-88
 462 01b1 04       		.byte	4
 463 01b2 B0       		.byte	-80
 464 01b3 01       		.byte	1
 465 01b4 B2       		.byte	-78
 466 01b5 04       		.byte	4
 467 01b6 B4       		.byte	-76
 468 01b7 02       		.byte	2
 469 01b8 BE       		.byte	-66
 470 01b9 14       		.byte	20
 471 01ba D4       		.byte	-44
 472 01bb 18       		.byte	24
 473 01bc D8       		.byte	-40
 474 01bd 04       		.byte	4
 475 01be DB       		.byte	-37
 476 01bf 04       		.byte	4
 477 01c0 DC       		.byte	-36
 478 01c1 01       		.byte	1
 479 01c2 DD       		.byte	-35
 480 01c3 10       		.byte	16
 481 01c4 DF       		.byte	-33
 482 01c5 01       		.byte	1
 483 01c6 00       		.byte	0
 484 01c7 84       		.byte	-124
 485 01c8 01       		.byte	1
 486 01c9 08       		.byte	8
 487 01ca 02       		.byte	2
 488 01cb 10       		.byte	16
 489 01cc 03       		.byte	3
 490 01cd 08       		.byte	8
 491 01ce 05       		.byte	5
 492 01cf 04       		.byte	4
 493 01d0 07       		.byte	7
 494 01d1 04       		.byte	4
 495 01d2 09       		.byte	9
 496 01d3 08       		.byte	8
 497 01d4 0A       		.byte	10
 498 01d5 80       		.byte	-128
 499 01d6 0B       		.byte	11
 500 01d7 0A       		.byte	10
 501 01d8 0D       		.byte	13
 502 01d9 04       		.byte	4
 503 01da 0F       		.byte	15
 504 01db 80       		.byte	-128
 505 01dc 10       		.byte	16
 506 01dd 80       		.byte	-128
 507 01de 11       		.byte	17
 508 01df 40       		.byte	64
 509 01e0 12       		.byte	18
 510 01e1 0C       		.byte	12
 511 01e2 13       		.byte	19
 512 01e3 08       		.byte	8
 513 01e4 14       		.byte	20
ARM GAS  C:\Users\Angus\AppData\Local\Temp\ccfKgvua.s 			page 10


 514 01e5 04       		.byte	4
 515 01e6 17       		.byte	23
 516 01e7 02       		.byte	2
 517 01e8 19       		.byte	25
 518 01e9 12       		.byte	18
 519 01ea 1A       		.byte	26
 520 01eb 01       		.byte	1
 521 01ec 1B       		.byte	27
 522 01ed 48       		.byte	72
 523 01ee 1C       		.byte	28
 524 01ef 40       		.byte	64
 525 01f0 1E       		.byte	30
 526 01f1 24       		.byte	36
 527 01f2 1F       		.byte	31
 528 01f3 01       		.byte	1
 529 01f4 22       		.byte	34
 530 01f5 49       		.byte	73
 531 01f6 23       		.byte	35
 532 01f7 04       		.byte	4
 533 01f8 2A       		.byte	42
 534 01f9 16       		.byte	22
 535 01fa 2B       		.byte	43
 536 01fb 02       		.byte	2
 537 01fc 32       		.byte	50
 538 01fd 51       		.byte	81
 539 01fe 33       		.byte	51
 540 01ff 08       		.byte	8
 541 0200 38       		.byte	56
 542 0201 28       		.byte	40
 543 0202 3B       		.byte	59
 544 0203 42       		.byte	66
 545 0204 40       		.byte	64
 546 0205 44       		.byte	68
 547 0206 42       		.byte	66
 548 0207 01       		.byte	1
 549 0208 43       		.byte	67
 550 0209 08       		.byte	8
 551 020a 48       		.byte	72
 552 020b 01       		.byte	1
 553 020c 49       		.byte	73
 554 020d 04       		.byte	4
 555 020e 53       		.byte	83
 556 020f 02       		.byte	2
 557 0210 59       		.byte	89
 558 0211 10       		.byte	16
 559 0212 5D       		.byte	93
 560 0213 02       		.byte	2
 561 0214 66       		.byte	102
 562 0215 80       		.byte	-128
 563 0216 67       		.byte	103
 564 0217 04       		.byte	4
 565 0218 69       		.byte	105
 566 0219 08       		.byte	8
 567 021a 6B       		.byte	107
 568 021b 16       		.byte	22
 569 021c 70       		.byte	112
 570 021d 94       		.byte	-108
ARM GAS  C:\Users\Angus\AppData\Local\Temp\ccfKgvua.s 			page 11


 571 021e 71       		.byte	113
 572 021f 08       		.byte	8
 573 0220 72       		.byte	114
 574 0221 02       		.byte	2
 575 0222 73       		.byte	115
 576 0223 08       		.byte	8
 577 0224 8A       		.byte	-118
 578 0225 94       		.byte	-108
 579 0226 8C       		.byte	-116
 580 0227 20       		.byte	32
 581 0228 8D       		.byte	-115
 582 0229 40       		.byte	64
 583 022a 8E       		.byte	-114
 584 022b 10       		.byte	16
 585 022c 93       		.byte	-109
 586 022d 48       		.byte	72
 587 022e 98       		.byte	-104
 588 022f 04       		.byte	4
 589 0230 99       		.byte	-103
 590 0231 08       		.byte	8
 591 0232 9C       		.byte	-100
 592 0233 20       		.byte	32
 593 0234 9F       		.byte	-97
 594 0235 14       		.byte	20
 595 0236 A0       		.byte	-96
 596 0237 41       		.byte	65
 597 0238 A8       		.byte	-88
 598 0239 02       		.byte	2
 599 023a AA       		.byte	-86
 600 023b 20       		.byte	32
 601 023c B0       		.byte	-80
 602 023d 40       		.byte	64
 603 023e B1       		.byte	-79
 604 023f 10       		.byte	16
 605 0240 C0       		.byte	-64
 606 0241 67       		.byte	103
 607 0242 C2       		.byte	-62
 608 0243 3F       		.byte	63
 609 0244 C4       		.byte	-60
 610 0245 5F       		.byte	95
 611 0246 CA       		.byte	-54
 612 0247 0F       		.byte	15
 613 0248 CC       		.byte	-52
 614 0249 0F       		.byte	15
 615 024a CE       		.byte	-50
 616 024b 0F       		.byte	15
 617 024c D0       		.byte	-48
 618 024d 0F       		.byte	15
 619 024e D2       		.byte	-46
 620 024f 08       		.byte	8
 621 0250 D6       		.byte	-42
 622 0251 84       		.byte	-124
 623 0252 D8       		.byte	-40
 624 0253 30       		.byte	48
 625 0254 EC       		.byte	-20
 626 0255 10       		.byte	16
 627 0256 7C       		.byte	124
ARM GAS  C:\Users\Angus\AppData\Local\Temp\ccfKgvua.s 			page 12


 628 0257 01       		.byte	1
 629 0258 DE       		.byte	-34
 630 0259 01       		.byte	1
 631 025a B4       		.byte	-76
 632 025b 01       		.byte	1
 633 025c EC       		.byte	-20
 634 025d 08       		.byte	8
 635 025e 45       		.byte	69
 636 025f 08       		.byte	8
 637 0260 D0       		.byte	-48
 638 0261 01       		.byte	1
 639 0262 A5       		.byte	-91
 640 0263 08       		.byte	8
 641 0264 25       		.byte	37
 642 0265 10       		.byte	16
 643 0266 C8       		.byte	-56
 644 0267 20       		.byte	32
 645 0268 B5       		.byte	-75
 646 0269 10       		.byte	16
 647 026a A5       		.byte	-91
 648 026b 08       		.byte	8
 649 026c 12       		.byte	18
 650 026d 80       		.byte	-128
 651 026e 75       		.byte	117
 652 026f 02       		.byte	2
 653 0270 89       		.byte	-119
 654 0271 02       		.byte	2
 655 0272 8E       		.byte	-114
 656 0273 80       		.byte	-128
 657 0274 B5       		.byte	-75
 658 0275 08       		.byte	8
 659 0276 C4       		.byte	-60
 660 0277 08       		.byte	8
 661 0278 DE       		.byte	-34
 662 0279 04       		.byte	4
 663 027a E0       		.byte	-32
 664 027b 01       		.byte	1
 665 027c E2       		.byte	-30
 666 027d 02       		.byte	2
 667 027e EC       		.byte	-20
 668 027f 08       		.byte	8
 669 0280 10       		.byte	16
 670 0281 02       		.byte	2
 671 0282 11       		.byte	17
 672 0283 01       		.byte	1
 673 0284 1C       		.byte	28
 674 0285 02       		.byte	2
 675 0286 1D       		.byte	29
 676 0287 01       		.byte	1
 677 0288 80       		.byte	-128
 678 0289 80       		.byte	-128
 679 028a 00       		.byte	0
 680 028b 00       		.byte	0
 681 028c 40       		.byte	64
 682 028d 00       		.byte	0
 683 028e 00       		.byte	0
 684 028f 00       		.byte	0
ARM GAS  C:\Users\Angus\AppData\Local\Temp\ccfKgvua.s 			page 13


 685 0290 00       		.byte	0
 686 0291 00       		.byte	0
 687 0292 00       		.byte	0
 688 0293 83       		.byte	-125
 689 0294 FF       		.byte	-1
 690 0295 18       		.byte	24
 691 0296 00       		.byte	0
 692 0297 00       		.byte	0
 693 0298 F3       		.byte	-13
 694 0299 08       		.byte	8
 695 029a 0C       		.byte	12
 696 029b 00       		.byte	0
 697 029c 33       		.byte	51
 698 029d 00       		.byte	0
 699 029e 00       		.byte	0
 700 029f 04       		.byte	4
 701 02a0 CC       		.byte	-52
 702 02a1 00       		.byte	0
 703 02a2 33       		.byte	51
 704 02a3 40       		.byte	64
 705 02a4 0C       		.byte	12
 706 02a5 A7       		.byte	-89
 707 02a6 00       		.byte	0
 708 02a7 18       		.byte	24
 709 02a8 22       		.byte	34
 710 02a9 04       		.byte	4
 711 02aa 00       		.byte	0
 712 02ab 00       		.byte	0
 713 02ac 00       		.byte	0
 714 02ad 1C       		.byte	28
 715 02ae B3       		.byte	-77
 716 02af A2       		.byte	-94
 717 02b0 08       		.byte	8
 718 02b1 10       		.byte	16
 719 02b2 00       		.byte	0
 720 02b3 00       		.byte	0
 721 02b4 04       		.byte	4
 722 02b5 1C       		.byte	28
 723 02b6 00       		.byte	0
 724 02b7 A1       		.byte	-95
 725 02b8 4F       		.byte	79
 726 02b9 BF       		.byte	-65
 727 02ba B0       		.byte	-80
 728 02bb 00       		.byte	0
 729 02bc 11       		.byte	17
 730 02bd 00       		.byte	0
 731 02be 00       		.byte	0
 732 02bf 40       		.byte	64
 733 02c0 30       		.byte	48
 734 02c1 20       		.byte	32
 735 02c2 0F       		.byte	15
 736 02c3 98       		.byte	-104
 737 02c4 40       		.byte	64
 738 02c5 40       		.byte	64
 739 02c6 8C       		.byte	-116
 740 02c7 1F       		.byte	31
 741 02c8 00       		.byte	0
ARM GAS  C:\Users\Angus\AppData\Local\Temp\ccfKgvua.s 			page 14


 742 02c9 02       		.byte	2
 743 02ca 08       		.byte	8
 744 02cb 88       		.byte	-120
 745 02cc 00       		.byte	0
 746 02cd 00       		.byte	0
 747 02ce 10       		.byte	16
 748 02cf 10       		.byte	16
 749 02d0 34       		.byte	52
 750 02d1 02       		.byte	2
 751 02d2 01       		.byte	1
 752 02d3 00       		.byte	0
 753 02d4 05       		.byte	5
 754 02d5 0C       		.byte	12
 755 02d6 00       		.byte	0
 756 02d7 E0       		.byte	-32
 757 02d8 21       		.byte	33
 758 02d9 FF       		.byte	-1
 759 02da FF       		.byte	-1
 760 02db FF       		.byte	-1
 761 02dc 62       		.byte	98
 762 02dd A0       		.byte	-96
 763 02de F0       		.byte	-16
 764 02df 41       		.byte	65
 765 02e0 0C       		.byte	12
 766 02e1 00       		.byte	0
 767 02e2 00       		.byte	0
 768 02e3 00       		.byte	0
 769 02e4 00       		.byte	0
 770 02e5 00       		.byte	0
 771 02e6 02       		.byte	2
 772 02e7 11       		.byte	17
 773 02e8 04       		.byte	4
 774 02e9 04       		.byte	4
 775 02ea 04       		.byte	4
 776 02eb 04       		.byte	4
 777 02ec 11       		.byte	17
 778 02ed 11       		.byte	17
 779 02ee 00       		.byte	0
 780 02ef 01       		.byte	1
 781 02f0 00       		.byte	0
 782 02f1 00       		.byte	0
 783 02f2 00       		.byte	0
 784 02f3 00       		.byte	0
 785 02f4 00       		.byte	0
 786 02f5 00       		.byte	0
 787 02f6 40       		.byte	64
 788 02f7 02       		.byte	2
 789 02f8 00       		.byte	0
 790 02f9 10       		.byte	16
 791 02fa 30       		.byte	48
 792 02fb 10       		.byte	16
 793 02fc 00       		.byte	0
 794 02fd 10       		.byte	16
 795 02fe 10       		.byte	16
 796 02ff 12       		.byte	18
 797 0300 00       		.byte	0
 798 0301 00       		.byte	0
ARM GAS  C:\Users\Angus\AppData\Local\Temp\ccfKgvua.s 			page 15


 799 0302 00       		.byte	0
 800 0303 00       		.byte	0
 801 0304 00       		.byte	0
 802 0305 00       		.byte	0
 803 0306 00       		.byte	0
 804 0307 00       		.byte	0
 805 0308 00       		.byte	0
 806 0309 00       		.byte	0
 807 030a 00       		.byte	0
 808 030b 00       		.byte	0
 809 030c 00       		.byte	0
 810 030d 00       		.byte	0
 811 030e 00       		.byte	0
 812 030f 00       		.byte	0
 813 0310 00       		.byte	0
 814 0311 00       		.byte	0
 815 0312 00       		.byte	0
 816 0313 00       		.byte	0
 817 0314 00       		.byte	0
 818 0315 00       		.byte	0
 819 0316 80       		.byte	-128
 820 0317 00       		.byte	0
 821 0318 80       		.byte	-128
 822 0319 00       		.byte	0
 823 031a 40       		.byte	64
 824 031b 80       		.byte	-128
 825 031c 80       		.byte	-128
 826 031d 00       		.byte	0
 827 031e 80       		.byte	-128
 828 031f 00       		.byte	0
 829 0320 00       		.byte	0
 830 0321 00       		.byte	0
 831 0322 00       		.byte	0
 832 0323 00       		.byte	0
 833 0324 00       		.byte	0
 834 0325 0B       		.byte	11
 835 0326 0B       		.byte	11
 836 0327 00       		.byte	0
 837 0328 00       		.byte	0
 838 0329 00       		.byte	0
 839 032a 00       		.byte	0
 840 032b 00       		.byte	0
 841 032c 07       		.byte	7
 842 032d 00       		.byte	0
 843 032e 18       		.byte	24
 844 032f 01       		.byte	1
 845              		.section	.cywolatch,"a",%progbits
 846              		.align	2
 847              		.type	cy_meta_wonvl, %object
 848              		.size	cy_meta_wonvl, 4
 849              	cy_meta_wonvl:
 850 0000 BC       		.byte	-68
 851 0001 90       		.byte	-112
 852 0002 AC       		.byte	-84
 853 0003 AF       		.byte	-81
 854              		.section	.cycustnvl,"a",%progbits
 855              		.align	2
ARM GAS  C:\Users\Angus\AppData\Local\Temp\ccfKgvua.s 			page 16


 856              		.type	cy_meta_custnvl, %object
 857              		.size	cy_meta_custnvl, 4
 858              	cy_meta_custnvl:
 859 0000 00       		.byte	0
 860 0001 00       		.byte	0
 861 0002 40       		.byte	64
 862 0003 05       		.byte	5
 863              		.section	.cymeta,"a",%progbits
 864              		.align	2
 865              		.type	cy_metadata, %object
 866              		.size	cy_metadata, 12
 867              	cy_metadata:
 868 0000 00       		.byte	0
 869 0001 01       		.byte	1
 870 0002 2E       		.byte	46
 871 0003 16       		.byte	22
 872 0004 10       		.byte	16
 873 0005 69       		.byte	105
 874 0006 00       		.byte	0
 875 0007 01       		.byte	1
 876 0008 00       		.byte	0
 877 0009 00       		.byte	0
 878 000a 00       		.byte	0
 879 000b 00       		.byte	0
 880              		.section	.cyflashprotect,"a",%progbits
 881              		.align	2
 882              		.type	cy_meta_flashprotect, %object
 883              		.size	cy_meta_flashprotect, 256
 884              	cy_meta_flashprotect:
 885 0000 00000000 		.space	256
 885      00000000 
 885      00000000 
 885      00000000 
 885      00000000 
 886              		.text
 887              	.Letext0:
 888              		.file 1 "c:\\program files (x86)\\cypress\\psoc creator\\4.1\\psoc creator\\import\\gnu\\arm\\5.4.
 889              		.file 2 "c:\\program files (x86)\\cypress\\psoc creator\\4.1\\psoc creator\\import\\gnu\\arm\\5.4.
 890              		.file 3 "Generated_Source\\PSoC5\\cymetadata.c"
 891              		.section	.debug_info,"",%progbits
 892              	.Ldebug_info0:
 893 0000 31010000 		.4byte	0x131
 894 0004 0400     		.2byte	0x4
 895 0006 00000000 		.4byte	.Ldebug_abbrev0
 896 000a 04       		.byte	0x4
 897 000b 01       		.uleb128 0x1
 898 000c 24000000 		.4byte	.LASF17
 899 0010 0C       		.byte	0xc
 900 0011 BF010000 		.4byte	.LASF18
 901 0015 7E010000 		.4byte	.LASF19
 902 0019 00000000 		.4byte	.Ldebug_line0
 903 001d 02       		.uleb128 0x2
 904 001e 01       		.byte	0x1
 905 001f 06       		.byte	0x6
 906 0020 72010000 		.4byte	.LASF0
 907 0024 03       		.uleb128 0x3
 908 0025 00000000 		.4byte	.LASF9
ARM GAS  C:\Users\Angus\AppData\Local\Temp\ccfKgvua.s 			page 17


 909 0029 01       		.byte	0x1
 910 002a 1D       		.byte	0x1d
 911 002b 2F000000 		.4byte	0x2f
 912 002f 02       		.uleb128 0x2
 913 0030 01       		.byte	0x1
 914 0031 08       		.byte	0x8
 915 0032 16000000 		.4byte	.LASF1
 916 0036 02       		.uleb128 0x2
 917 0037 02       		.byte	0x2
 918 0038 05       		.byte	0x5
 919 0039 5F010000 		.4byte	.LASF2
 920 003d 02       		.uleb128 0x2
 921 003e 02       		.byte	0x2
 922 003f 07       		.byte	0x7
 923 0040 C4000000 		.4byte	.LASF3
 924 0044 02       		.uleb128 0x2
 925 0045 04       		.byte	0x4
 926 0046 05       		.byte	0x5
 927 0047 69010000 		.4byte	.LASF4
 928 004b 02       		.uleb128 0x2
 929 004c 04       		.byte	0x4
 930 004d 07       		.byte	0x7
 931 004e B2000000 		.4byte	.LASF5
 932 0052 02       		.uleb128 0x2
 933 0053 08       		.byte	0x8
 934 0054 05       		.byte	0x5
 935 0055 51010000 		.4byte	.LASF6
 936 0059 02       		.uleb128 0x2
 937 005a 08       		.byte	0x8
 938 005b 07       		.byte	0x7
 939 005c 06010000 		.4byte	.LASF7
 940 0060 04       		.uleb128 0x4
 941 0061 04       		.byte	0x4
 942 0062 05       		.byte	0x5
 943 0063 696E7400 		.ascii	"int\000"
 944 0067 02       		.uleb128 0x2
 945 0068 04       		.byte	0x4
 946 0069 07       		.byte	0x7
 947 006a F9000000 		.4byte	.LASF8
 948 006e 03       		.uleb128 0x3
 949 006f 1D010000 		.4byte	.LASF10
 950 0073 02       		.byte	0x2
 951 0074 18       		.byte	0x18
 952 0075 24000000 		.4byte	0x24
 953 0079 05       		.uleb128 0x5
 954 007a 91000000 		.4byte	0x91
 955 007e 8A000000 		.4byte	0x8a
 956 0082 06       		.uleb128 0x6
 957 0083 8A000000 		.4byte	0x8a
 958 0087 2F03     		.2byte	0x32f
 959 0089 00       		.byte	0
 960 008a 02       		.uleb128 0x2
 961 008b 04       		.byte	0x4
 962 008c 07       		.byte	0x7
 963 008d 48010000 		.4byte	.LASF11
 964 0091 07       		.uleb128 0x7
 965 0092 6E000000 		.4byte	0x6e
ARM GAS  C:\Users\Angus\AppData\Local\Temp\ccfKgvua.s 			page 18


 966 0096 08       		.uleb128 0x8
 967 0097 E7000000 		.4byte	.LASF12
 968 009b 03       		.byte	0x3
 969 009c 1F       		.byte	0x1f
 970 009d A7000000 		.4byte	0xa7
 971 00a1 05       		.uleb128 0x5
 972 00a2 03       		.byte	0x3
 973 00a3 00000000 		.4byte	cy_meta_configecc
 974 00a7 07       		.uleb128 0x7
 975 00a8 79000000 		.4byte	0x79
 976 00ac 05       		.uleb128 0x5
 977 00ad 91000000 		.4byte	0x91
 978 00b1 BC000000 		.4byte	0xbc
 979 00b5 09       		.uleb128 0x9
 980 00b6 8A000000 		.4byte	0x8a
 981 00ba 03       		.byte	0x3
 982 00bb 00       		.byte	0
 983 00bc 08       		.uleb128 0x8
 984 00bd D7000000 		.4byte	.LASF13
 985 00c1 03       		.byte	0x3
 986 00c2 92       		.byte	0x92
 987 00c3 CD000000 		.4byte	0xcd
 988 00c7 05       		.uleb128 0x5
 989 00c8 03       		.byte	0x3
 990 00c9 00000000 		.4byte	cy_meta_custnvl
 991 00cd 07       		.uleb128 0x7
 992 00ce AC000000 		.4byte	0xac
 993 00d2 08       		.uleb128 0x8
 994 00d3 3A010000 		.4byte	.LASF14
 995 00d7 03       		.byte	0x3
 996 00d8 A0       		.byte	0xa0
 997 00d9 E3000000 		.4byte	0xe3
 998 00dd 05       		.uleb128 0x5
 999 00de 03       		.byte	0x3
 1000 00df 00000000 		.4byte	cy_meta_wonvl
 1001 00e3 07       		.uleb128 0x7
 1002 00e4 AC000000 		.4byte	0xac
 1003 00e8 05       		.uleb128 0x5
 1004 00e9 91000000 		.4byte	0x91
 1005 00ed F8000000 		.4byte	0xf8
 1006 00f1 09       		.uleb128 0x9
 1007 00f2 8A000000 		.4byte	0x8a
 1008 00f6 FF       		.byte	0xff
 1009 00f7 00       		.byte	0
 1010 00f8 08       		.uleb128 0x8
 1011 00f9 25010000 		.4byte	.LASF15
 1012 00fd 03       		.byte	0x3
 1013 00fe AE       		.byte	0xae
 1014 00ff 09010000 		.4byte	0x109
 1015 0103 05       		.uleb128 0x5
 1016 0104 03       		.byte	0x3
 1017 0105 00000000 		.4byte	cy_meta_flashprotect
 1018 0109 07       		.uleb128 0x7
 1019 010a E8000000 		.4byte	0xe8
 1020 010e 05       		.uleb128 0x5
 1021 010f 91000000 		.4byte	0x91
 1022 0113 1E010000 		.4byte	0x11e
ARM GAS  C:\Users\Angus\AppData\Local\Temp\ccfKgvua.s 			page 19


 1023 0117 09       		.uleb128 0x9
 1024 0118 8A000000 		.4byte	0x8a
 1025 011c 0B       		.byte	0xb
 1026 011d 00       		.byte	0
 1027 011e 08       		.uleb128 0x8
 1028 011f 0A000000 		.4byte	.LASF16
 1029 0123 03       		.byte	0x3
 1030 0124 DB       		.byte	0xdb
 1031 0125 2F010000 		.4byte	0x12f
 1032 0129 05       		.uleb128 0x5
 1033 012a 03       		.byte	0x3
 1034 012b 00000000 		.4byte	cy_metadata
 1035 012f 07       		.uleb128 0x7
 1036 0130 0E010000 		.4byte	0x10e
 1037 0134 00       		.byte	0
 1038              		.section	.debug_abbrev,"",%progbits
 1039              	.Ldebug_abbrev0:
 1040 0000 01       		.uleb128 0x1
 1041 0001 11       		.uleb128 0x11
 1042 0002 01       		.byte	0x1
 1043 0003 25       		.uleb128 0x25
 1044 0004 0E       		.uleb128 0xe
 1045 0005 13       		.uleb128 0x13
 1046 0006 0B       		.uleb128 0xb
 1047 0007 03       		.uleb128 0x3
 1048 0008 0E       		.uleb128 0xe
 1049 0009 1B       		.uleb128 0x1b
 1050 000a 0E       		.uleb128 0xe
 1051 000b 10       		.uleb128 0x10
 1052 000c 17       		.uleb128 0x17
 1053 000d 00       		.byte	0
 1054 000e 00       		.byte	0
 1055 000f 02       		.uleb128 0x2
 1056 0010 24       		.uleb128 0x24
 1057 0011 00       		.byte	0
 1058 0012 0B       		.uleb128 0xb
 1059 0013 0B       		.uleb128 0xb
 1060 0014 3E       		.uleb128 0x3e
 1061 0015 0B       		.uleb128 0xb
 1062 0016 03       		.uleb128 0x3
 1063 0017 0E       		.uleb128 0xe
 1064 0018 00       		.byte	0
 1065 0019 00       		.byte	0
 1066 001a 03       		.uleb128 0x3
 1067 001b 16       		.uleb128 0x16
 1068 001c 00       		.byte	0
 1069 001d 03       		.uleb128 0x3
 1070 001e 0E       		.uleb128 0xe
 1071 001f 3A       		.uleb128 0x3a
 1072 0020 0B       		.uleb128 0xb
 1073 0021 3B       		.uleb128 0x3b
 1074 0022 0B       		.uleb128 0xb
 1075 0023 49       		.uleb128 0x49
 1076 0024 13       		.uleb128 0x13
 1077 0025 00       		.byte	0
 1078 0026 00       		.byte	0
 1079 0027 04       		.uleb128 0x4
ARM GAS  C:\Users\Angus\AppData\Local\Temp\ccfKgvua.s 			page 20


 1080 0028 24       		.uleb128 0x24
 1081 0029 00       		.byte	0
 1082 002a 0B       		.uleb128 0xb
 1083 002b 0B       		.uleb128 0xb
 1084 002c 3E       		.uleb128 0x3e
 1085 002d 0B       		.uleb128 0xb
 1086 002e 03       		.uleb128 0x3
 1087 002f 08       		.uleb128 0x8
 1088 0030 00       		.byte	0
 1089 0031 00       		.byte	0
 1090 0032 05       		.uleb128 0x5
 1091 0033 01       		.uleb128 0x1
 1092 0034 01       		.byte	0x1
 1093 0035 49       		.uleb128 0x49
 1094 0036 13       		.uleb128 0x13
 1095 0037 01       		.uleb128 0x1
 1096 0038 13       		.uleb128 0x13
 1097 0039 00       		.byte	0
 1098 003a 00       		.byte	0
 1099 003b 06       		.uleb128 0x6
 1100 003c 21       		.uleb128 0x21
 1101 003d 00       		.byte	0
 1102 003e 49       		.uleb128 0x49
 1103 003f 13       		.uleb128 0x13
 1104 0040 2F       		.uleb128 0x2f
 1105 0041 05       		.uleb128 0x5
 1106 0042 00       		.byte	0
 1107 0043 00       		.byte	0
 1108 0044 07       		.uleb128 0x7
 1109 0045 26       		.uleb128 0x26
 1110 0046 00       		.byte	0
 1111 0047 49       		.uleb128 0x49
 1112 0048 13       		.uleb128 0x13
 1113 0049 00       		.byte	0
 1114 004a 00       		.byte	0
 1115 004b 08       		.uleb128 0x8
 1116 004c 34       		.uleb128 0x34
 1117 004d 00       		.byte	0
 1118 004e 03       		.uleb128 0x3
 1119 004f 0E       		.uleb128 0xe
 1120 0050 3A       		.uleb128 0x3a
 1121 0051 0B       		.uleb128 0xb
 1122 0052 3B       		.uleb128 0x3b
 1123 0053 0B       		.uleb128 0xb
 1124 0054 49       		.uleb128 0x49
 1125 0055 13       		.uleb128 0x13
 1126 0056 3F       		.uleb128 0x3f
 1127 0057 19       		.uleb128 0x19
 1128 0058 02       		.uleb128 0x2
 1129 0059 18       		.uleb128 0x18
 1130 005a 00       		.byte	0
 1131 005b 00       		.byte	0
 1132 005c 09       		.uleb128 0x9
 1133 005d 21       		.uleb128 0x21
 1134 005e 00       		.byte	0
 1135 005f 49       		.uleb128 0x49
 1136 0060 13       		.uleb128 0x13
ARM GAS  C:\Users\Angus\AppData\Local\Temp\ccfKgvua.s 			page 21


 1137 0061 2F       		.uleb128 0x2f
 1138 0062 0B       		.uleb128 0xb
 1139 0063 00       		.byte	0
 1140 0064 00       		.byte	0
 1141 0065 00       		.byte	0
 1142              		.section	.debug_aranges,"",%progbits
 1143 0000 14000000 		.4byte	0x14
 1144 0004 0200     		.2byte	0x2
 1145 0006 00000000 		.4byte	.Ldebug_info0
 1146 000a 04       		.byte	0x4
 1147 000b 00       		.byte	0
 1148 000c 0000     		.2byte	0
 1149 000e 0000     		.2byte	0
 1150 0010 00000000 		.4byte	0
 1151 0014 00000000 		.4byte	0
 1152              		.section	.debug_line,"",%progbits
 1153              	.Ldebug_line0:
 1154 0000 3D010000 		.section	.debug_str,"MS",%progbits,1
 1154      02003701 
 1154      00000201 
 1154      FB0E0D00 
 1154      01010101 
 1155              	.LASF9:
 1156 0000 5F5F7569 		.ascii	"__uint8_t\000"
 1156      6E74385F 
 1156      7400
 1157              	.LASF16:
 1158 000a 63795F6D 		.ascii	"cy_metadata\000"
 1158      65746164 
 1158      61746100 
 1159              	.LASF1:
 1160 0016 756E7369 		.ascii	"unsigned char\000"
 1160      676E6564 
 1160      20636861 
 1160      7200
 1161              	.LASF17:
 1162 0024 474E5520 		.ascii	"GNU C11 5.4.1 20160609 (release) [ARM/embedded-5-br"
 1162      43313120 
 1162      352E342E 
 1162      31203230 
 1162      31363036 
 1163 0057 616E6368 		.ascii	"anch revision 237715] -mcpu=cortex-m3 -mthumb -g -O"
 1163      20726576 
 1163      6973696F 
 1163      6E203233 
 1163      37373135 
 1164 008a 67202D66 		.ascii	"g -ffunction-sections -ffat-lto-objects\000"
 1164      66756E63 
 1164      74696F6E 
 1164      2D736563 
 1164      74696F6E 
 1165              	.LASF5:
 1166 00b2 6C6F6E67 		.ascii	"long unsigned int\000"
 1166      20756E73 
 1166      69676E65 
 1166      6420696E 
 1166      7400
ARM GAS  C:\Users\Angus\AppData\Local\Temp\ccfKgvua.s 			page 22


 1167              	.LASF3:
 1168 00c4 73686F72 		.ascii	"short unsigned int\000"
 1168      7420756E 
 1168      7369676E 
 1168      65642069 
 1168      6E7400
 1169              	.LASF13:
 1170 00d7 63795F6D 		.ascii	"cy_meta_custnvl\000"
 1170      6574615F 
 1170      63757374 
 1170      6E766C00 
 1171              	.LASF12:
 1172 00e7 63795F6D 		.ascii	"cy_meta_configecc\000"
 1172      6574615F 
 1172      636F6E66 
 1172      69676563 
 1172      6300
 1173              	.LASF8:
 1174 00f9 756E7369 		.ascii	"unsigned int\000"
 1174      676E6564 
 1174      20696E74 
 1174      00
 1175              	.LASF7:
 1176 0106 6C6F6E67 		.ascii	"long long unsigned int\000"
 1176      206C6F6E 
 1176      6720756E 
 1176      7369676E 
 1176      65642069 
 1177              	.LASF10:
 1178 011d 75696E74 		.ascii	"uint8_t\000"
 1178      385F7400 
 1179              	.LASF15:
 1180 0125 63795F6D 		.ascii	"cy_meta_flashprotect\000"
 1180      6574615F 
 1180      666C6173 
 1180      6870726F 
 1180      74656374 
 1181              	.LASF14:
 1182 013a 63795F6D 		.ascii	"cy_meta_wonvl\000"
 1182      6574615F 
 1182      776F6E76 
 1182      6C00
 1183              	.LASF11:
 1184 0148 73697A65 		.ascii	"sizetype\000"
 1184      74797065 
 1184      00
 1185              	.LASF6:
 1186 0151 6C6F6E67 		.ascii	"long long int\000"
 1186      206C6F6E 
 1186      6720696E 
 1186      7400
 1187              	.LASF2:
 1188 015f 73686F72 		.ascii	"short int\000"
 1188      7420696E 
 1188      7400
 1189              	.LASF4:
 1190 0169 6C6F6E67 		.ascii	"long int\000"
ARM GAS  C:\Users\Angus\AppData\Local\Temp\ccfKgvua.s 			page 23


 1190      20696E74 
 1190      00
 1191              	.LASF0:
 1192 0172 7369676E 		.ascii	"signed char\000"
 1192      65642063 
 1192      68617200 
 1193              	.LASF19:
 1194 017e 433A5C55 		.ascii	"C:\\Users\\Angus\\Documents\\PSoC Creator\\EngDesig"
 1194      73657273 
 1194      5C416E67 
 1194      75735C44 
 1194      6F63756D 
 1195 01ac 6E5C5068 		.ascii	"n\\Photodiode.cydsn\000"
 1195      6F746F64 
 1195      696F6465 
 1195      2E637964 
 1195      736E00
 1196              	.LASF18:
 1197 01bf 47656E65 		.ascii	"Generated_Source\\PSoC5\\cymetadata.c\000"
 1197      72617465 
 1197      645F536F 
 1197      75726365 
 1197      5C50536F 
 1198              		.ident	"GCC: (GNU Tools for ARM Embedded Processors) 5.4.1 20160609 (release) [ARM/embedded-5-bran
