ARM GAS  C:\Users\Angus\AppData\Local\Temp\ccpDfHyS.s 			page 1


   1              		.syntax unified
   2              		.cpu cortex-m3
   3              		.fpu softvfp
   4              		.eabi_attribute 20, 1
   5              		.eabi_attribute 21, 1
   6              		.eabi_attribute 23, 3
   7              		.eabi_attribute 24, 1
   8              		.eabi_attribute 25, 1
   9              		.eabi_attribute 26, 1
  10              		.eabi_attribute 30, 1
  11              		.eabi_attribute 34, 1
  12              		.eabi_attribute 18, 4
  13              		.thumb
  14              		.syntax unified
  15              		.file	"cymetadata.c"
  16              		.text
  17              	.Ltext0:
  18              		.cfi_sections	.debug_frame
  19              		.global	cy_metadata
  20              		.global	cy_meta_flashprotect
  21              		.global	cy_meta_wonvl
  22              		.global	cy_meta_custnvl
  23              		.global	cy_meta_configecc
  24              		.section	.cyconfigecc,"a",%progbits
  25              		.align	2
  26              		.type	cy_meta_configecc, %object
  27              		.size	cy_meta_configecc, 808
  28              	cy_meta_configecc:
  29 0000 01       		.byte	1
  30 0001 45       		.byte	69
  31 0002 00       		.byte	0
  32 0003 40       		.byte	64
  33 0004 02       		.byte	2
  34 0005 52       		.byte	82
  35 0006 00       		.byte	0
  36 0007 40       		.byte	64
  37 0008 03       		.byte	3
  38 0009 65       		.byte	101
  39 000a 00       		.byte	0
  40 000b 40       		.byte	64
  41 000c 01       		.byte	1
  42 000d 07       		.byte	7
  43 000e 01       		.byte	1
  44 000f 40       		.byte	64
  45 0010 04       		.byte	4
  46 0011 08       		.byte	8
  47 0012 01       		.byte	1
  48 0013 40       		.byte	64
  49 0014 02       		.byte	2
  50 0015 09       		.byte	9
  51 0016 01       		.byte	1
  52 0017 40       		.byte	64
  53 0018 69       		.byte	105
  54 0019 18       		.byte	24
  55 001a 01       		.byte	1
  56 001b 40       		.byte	64
  57 001c 39       		.byte	57
ARM GAS  C:\Users\Angus\AppData\Local\Temp\ccpDfHyS.s 			page 2


  58 001d 19       		.byte	25
  59 001e 01       		.byte	1
  60 001f 40       		.byte	64
  61 0020 0E       		.byte	14
  62 0021 1A       		.byte	26
  63 0022 01       		.byte	1
  64 0023 40       		.byte	64
  65 0024 3F       		.byte	63
  66 0025 1B       		.byte	27
  67 0026 01       		.byte	1
  68 0027 40       		.byte	64
  69 0028 03       		.byte	3
  70 0029 43       		.byte	67
  71 002a 01       		.byte	1
  72 002b 40       		.byte	64
  73 002c 02       		.byte	2
  74 002d 44       		.byte	68
  75 002e 01       		.byte	1
  76 002f 40       		.byte	64
  77 0030 01       		.byte	1
  78 0031 45       		.byte	69
  79 0032 01       		.byte	1
  80 0033 40       		.byte	64
  81 0034 03       		.byte	3
  82 0035 46       		.byte	70
  83 0036 01       		.byte	1
  84 0037 40       		.byte	64
  85 0038 02       		.byte	2
  86 0039 47       		.byte	71
  87 003a 01       		.byte	1
  88 003b 40       		.byte	64
  89 003c 03       		.byte	3
  90 003d 48       		.byte	72
  91 003e 01       		.byte	1
  92 003f 40       		.byte	64
  93 0040 03       		.byte	3
  94 0041 4C       		.byte	76
  95 0042 01       		.byte	1
  96 0043 40       		.byte	64
  97 0044 07       		.byte	7
  98 0045 4D       		.byte	77
  99 0046 01       		.byte	1
 100 0047 40       		.byte	64
 101 0048 04       		.byte	4
 102 0049 50       		.byte	80
 103 004a 01       		.byte	1
 104 004b 40       		.byte	64
 105 004c 12       		.byte	18
 106 004d 03       		.byte	3
 107 004e 61       		.byte	97
 108 004f 80       		.byte	-128
 109 0050 64       		.byte	100
 110 0051 40       		.byte	64
 111 0052 88       		.byte	-120
 112 0053 0F       		.byte	15
 113 0054 8A       		.byte	-118
 114 0055 72       		.byte	114
ARM GAS  C:\Users\Angus\AppData\Local\Temp\ccpDfHyS.s 			page 3


 115 0056 8B       		.byte	-117
 116 0057 38       		.byte	56
 117 0058 E8       		.byte	-24
 118 0059 04       		.byte	4
 119 005a B8       		.byte	-72
 120 005b 80       		.byte	-128
 121 005c BE       		.byte	-66
 122 005d 40       		.byte	64
 123 005e D8       		.byte	-40
 124 005f 04       		.byte	4
 125 0060 DF       		.byte	-33
 126 0061 01       		.byte	1
 127 0062 18       		.byte	24
 128 0063 01       		.byte	1
 129 0064 E8       		.byte	-24
 130 0065 04       		.byte	4
 131 0066 00       		.byte	0
 132 0067 09       		.byte	9
 133 0068 01       		.byte	1
 134 0069 03       		.byte	3
 135 006a 02       		.byte	2
 136 006b 10       		.byte	16
 137 006c 03       		.byte	3
 138 006d 44       		.byte	68
 139 006e 04       		.byte	4
 140 006f 10       		.byte	16
 141 0070 05       		.byte	5
 142 0071 53       		.byte	83
 143 0072 07       		.byte	7
 144 0073 0C       		.byte	12
 145 0074 08       		.byte	8
 146 0075 0C       		.byte	12
 147 0076 09       		.byte	9
 148 0077 0A       		.byte	10
 149 0078 0A       		.byte	10
 150 0079 11       		.byte	17
 151 007a 0B       		.byte	11
 152 007b 54       		.byte	84
 153 007c 0C       		.byte	12
 154 007d 20       		.byte	32
 155 007e 0E       		.byte	14
 156 007f 03       		.byte	3
 157 0080 14       		.byte	20
 158 0081 1C       		.byte	28
 159 0082 16       		.byte	22
 160 0083 02       		.byte	2
 161 0084 18       		.byte	24
 162 0085 14       		.byte	20
 163 0086 1F       		.byte	31
 164 0087 08       		.byte	8
 165 0088 21       		.byte	33
 166 0089 20       		.byte	32
 167 008a 23       		.byte	35
 168 008b 45       		.byte	69
 169 008c 25       		.byte	37
 170 008d 53       		.byte	83
 171 008e 27       		.byte	39
ARM GAS  C:\Users\Angus\AppData\Local\Temp\ccpDfHyS.s 			page 4


 172 008f 04       		.byte	4
 173 0090 28       		.byte	40
 174 0091 10       		.byte	16
 175 0092 29       		.byte	41
 176 0093 80       		.byte	-128
 177 0094 2A       		.byte	42
 178 0095 0C       		.byte	12
 179 0096 31       		.byte	49
 180 0097 30       		.byte	48
 181 0098 32       		.byte	50
 182 0099 20       		.byte	32
 183 009a 33       		.byte	51
 184 009b 0F       		.byte	15
 185 009c 35       		.byte	53
 186 009d 80       		.byte	-128
 187 009e 36       		.byte	54
 188 009f 1F       		.byte	31
 189 00a0 37       		.byte	55
 190 00a1 40       		.byte	64
 191 00a2 39       		.byte	57
 192 00a3 02       		.byte	2
 193 00a4 3B       		.byte	59
 194 00a5 08       		.byte	8
 195 00a6 3E       		.byte	62
 196 00a7 04       		.byte	4
 197 00a8 3F       		.byte	63
 198 00a9 50       		.byte	80
 199 00aa 40       		.byte	64
 200 00ab 34       		.byte	52
 201 00ac 41       		.byte	65
 202 00ad 06       		.byte	6
 203 00ae 45       		.byte	69
 204 00af 0B       		.byte	11
 205 00b0 47       		.byte	71
 206 00b1 CE       		.byte	-50
 207 00b2 48       		.byte	72
 208 00b3 31       		.byte	49
 209 00b4 49       		.byte	73
 210 00b5 FF       		.byte	-1
 211 00b6 4A       		.byte	74
 212 00b7 FF       		.byte	-1
 213 00b8 4B       		.byte	75
 214 00b9 FF       		.byte	-1
 215 00ba 4E       		.byte	78
 216 00bb F0       		.byte	-16
 217 00bc 4F       		.byte	79
 218 00bd 44       		.byte	68
 219 00be 50       		.byte	80
 220 00bf 0C       		.byte	12
 221 00c0 54       		.byte	84
 222 00c1 01       		.byte	1
 223 00c2 58       		.byte	88
 224 00c3 04       		.byte	4
 225 00c4 59       		.byte	89
 226 00c5 04       		.byte	4
 227 00c6 5A       		.byte	90
 228 00c7 04       		.byte	4
ARM GAS  C:\Users\Angus\AppData\Local\Temp\ccpDfHyS.s 			page 5


 229 00c8 5B       		.byte	91
 230 00c9 04       		.byte	4
 231 00ca 5C       		.byte	92
 232 00cb 11       		.byte	17
 233 00cc 5D       		.byte	93
 234 00cd 11       		.byte	17
 235 00ce 5F       		.byte	95
 236 00cf 01       		.byte	1
 237 00d0 66       		.byte	102
 238 00d1 C0       		.byte	-64
 239 00d2 6A       		.byte	106
 240 00d3 40       		.byte	64
 241 00d4 6B       		.byte	107
 242 00d5 02       		.byte	2
 243 00d6 81       		.byte	-127
 244 00d7 01       		.byte	1
 245 00d8 82       		.byte	-126
 246 00d9 4C       		.byte	76
 247 00da 83       		.byte	-125
 248 00db 0E       		.byte	14
 249 00dc 85       		.byte	-123
 250 00dd 84       		.byte	-124
 251 00de 87       		.byte	-121
 252 00df 51       		.byte	81
 253 00e0 89       		.byte	-119
 254 00e1 E7       		.byte	-25
 255 00e2 94       		.byte	-108
 256 00e3 6C       		.byte	108
 257 00e4 96       		.byte	-106
 258 00e5 03       		.byte	3
 259 00e6 98       		.byte	-104
 260 00e7 31       		.byte	49
 261 00e8 99       		.byte	-103
 262 00e9 E7       		.byte	-25
 263 00ea 9A       		.byte	-102
 264 00eb 0E       		.byte	14
 265 00ec 9D       		.byte	-99
 266 00ed 20       		.byte	32
 267 00ee A2       		.byte	-94
 268 00ef 13       		.byte	19
 269 00f0 A4       		.byte	-92
 270 00f1 31       		.byte	49
 271 00f2 A5       		.byte	-91
 272 00f3 42       		.byte	66
 273 00f4 A6       		.byte	-90
 274 00f5 46       		.byte	70
 275 00f6 A7       		.byte	-89
 276 00f7 91       		.byte	-111
 277 00f8 AA       		.byte	-86
 278 00f9 08       		.byte	8
 279 00fa B0       		.byte	-80
 280 00fb 30       		.byte	48
 281 00fc B1       		.byte	-79
 282 00fd 07       		.byte	7
 283 00fe B2       		.byte	-78
 284 00ff 0F       		.byte	15
 285 0100 B3       		.byte	-77
ARM GAS  C:\Users\Angus\AppData\Local\Temp\ccpDfHyS.s 			page 6


 286 0101 C0       		.byte	-64
 287 0102 B4       		.byte	-76
 288 0103 4A       		.byte	74
 289 0104 B5       		.byte	-75
 290 0105 20       		.byte	32
 291 0106 B7       		.byte	-73
 292 0107 18       		.byte	24
 293 0108 B8       		.byte	-72
 294 0109 02       		.byte	2
 295 010a BA       		.byte	-70
 296 010b 28       		.byte	40
 297 010c BE       		.byte	-66
 298 010d 01       		.byte	1
 299 010e BF       		.byte	-65
 300 010f 40       		.byte	64
 301 0110 C0       		.byte	-64
 302 0111 04       		.byte	4
 303 0112 C7       		.byte	-57
 304 0113 04       		.byte	4
 305 0114 C9       		.byte	-55
 306 0115 FF       		.byte	-1
 307 0116 CA       		.byte	-54
 308 0117 07       		.byte	7
 309 0118 CB       		.byte	-53
 310 0119 FF       		.byte	-1
 311 011a CC       		.byte	-52
 312 011b 40       		.byte	64
 313 011c CD       		.byte	-51
 314 011d 20       		.byte	32
 315 011e CE       		.byte	-50
 316 011f F0       		.byte	-16
 317 0120 CF       		.byte	-49
 318 0121 05       		.byte	5
 319 0122 D0       		.byte	-48
 320 0123 08       		.byte	8
 321 0124 D8       		.byte	-40
 322 0125 04       		.byte	4
 323 0126 D9       		.byte	-39
 324 0127 04       		.byte	4
 325 0128 DA       		.byte	-38
 326 0129 04       		.byte	4
 327 012a DC       		.byte	-36
 328 012b 11       		.byte	17
 329 012c DD       		.byte	-35
 330 012d 01       		.byte	1
 331 012e DF       		.byte	-33
 332 012f 01       		.byte	1
 333 0130 E0       		.byte	-32
 334 0131 40       		.byte	64
 335 0132 E1       		.byte	-31
 336 0133 A8       		.byte	-88
 337 0134 E2       		.byte	-30
 338 0135 40       		.byte	64
 339 0136 E3       		.byte	-29
 340 0137 20       		.byte	32
 341 0138 03       		.byte	3
 342 0139 40       		.byte	64
ARM GAS  C:\Users\Angus\AppData\Local\Temp\ccpDfHyS.s 			page 7


 343 013a 04       		.byte	4
 344 013b 08       		.byte	8
 345 013c 05       		.byte	5
 346 013d 60       		.byte	96
 347 013e 07       		.byte	7
 348 013f 40       		.byte	64
 349 0140 0A       		.byte	10
 350 0141 14       		.byte	20
 351 0142 0E       		.byte	14
 352 0143 10       		.byte	16
 353 0144 0F       		.byte	15
 354 0145 08       		.byte	8
 355 0146 10       		.byte	16
 356 0147 88       		.byte	-120
 357 0148 11       		.byte	17
 358 0149 08       		.byte	8
 359 014a 12       		.byte	18
 360 014b 40       		.byte	64
 361 014c 17       		.byte	23
 362 014d 20       		.byte	32
 363 014e 18       		.byte	24
 364 014f 40       		.byte	64
 365 0150 19       		.byte	25
 366 0151 20       		.byte	32
 367 0152 1A       		.byte	26
 368 0153 1C       		.byte	28
 369 0154 1C       		.byte	28
 370 0155 20       		.byte	32
 371 0156 1D       		.byte	29
 372 0157 40       		.byte	64
 373 0158 20       		.byte	32
 374 0159 0A       		.byte	10
 375 015a 21       		.byte	33
 376 015b 05       		.byte	5
 377 015c 25       		.byte	37
 378 015d 04       		.byte	4
 379 015e 26       		.byte	38
 380 015f 40       		.byte	64
 381 0160 27       		.byte	39
 382 0161 68       		.byte	104
 383 0162 28       		.byte	40
 384 0163 20       		.byte	32
 385 0164 2C       		.byte	44
 386 0165 80       		.byte	-128
 387 0166 2E       		.byte	46
 388 0167 04       		.byte	4
 389 0168 2F       		.byte	47
 390 0169 08       		.byte	8
 391 016a 32       		.byte	50
 392 016b 40       		.byte	64
 393 016c 33       		.byte	51
 394 016d 10       		.byte	16
 395 016e 37       		.byte	55
 396 016f 40       		.byte	64
 397 0170 39       		.byte	57
 398 0171 2A       		.byte	42
 399 0172 3A       		.byte	58
ARM GAS  C:\Users\Angus\AppData\Local\Temp\ccpDfHyS.s 			page 8


 400 0173 05       		.byte	5
 401 0174 3D       		.byte	61
 402 0175 08       		.byte	8
 403 0176 3E       		.byte	62
 404 0177 10       		.byte	16
 405 0178 3F       		.byte	63
 406 0179 02       		.byte	2
 407 017a 40       		.byte	64
 408 017b 40       		.byte	64
 409 017c 45       		.byte	69
 410 017d 04       		.byte	4
 411 017e 46       		.byte	70
 412 017f 40       		.byte	64
 413 0180 48       		.byte	72
 414 0181 80       		.byte	-128
 415 0182 4E       		.byte	78
 416 0183 04       		.byte	4
 417 0184 4F       		.byte	79
 418 0185 08       		.byte	8
 419 0186 50       		.byte	80
 420 0187 0C       		.byte	12
 421 0188 57       		.byte	87
 422 0189 09       		.byte	9
 423 018a 5C       		.byte	92
 424 018b 02       		.byte	2
 425 018c 5D       		.byte	93
 426 018d 10       		.byte	16
 427 018e 5E       		.byte	94
 428 018f 80       		.byte	-128
 429 0190 5F       		.byte	95
 430 0191 08       		.byte	8
 431 0192 84       		.byte	-124
 432 0193 10       		.byte	16
 433 0194 B4       		.byte	-76
 434 0195 01       		.byte	1
 435 0196 C0       		.byte	-64
 436 0197 F8       		.byte	-8
 437 0198 C2       		.byte	-62
 438 0199 66       		.byte	102
 439 019a C4       		.byte	-60
 440 019b 4E       		.byte	78
 441 019c CA       		.byte	-54
 442 019d E2       		.byte	-30
 443 019e CC       		.byte	-52
 444 019f 1C       		.byte	28
 445 01a0 CE       		.byte	-50
 446 01a1 E7       		.byte	-25
 447 01a2 D0       		.byte	-48
 448 01a3 C1       		.byte	-63
 449 01a4 D2       		.byte	-46
 450 01a5 20       		.byte	32
 451 01a6 D6       		.byte	-42
 452 01a7 F0       		.byte	-16
 453 01a8 E0       		.byte	-32
 454 01a9 08       		.byte	8
 455 01aa 86       		.byte	-122
 456 01ab 02       		.byte	2
ARM GAS  C:\Users\Angus\AppData\Local\Temp\ccpDfHyS.s 			page 9


 457 01ac 92       		.byte	-110
 458 01ad 01       		.byte	1
 459 01ae 96       		.byte	-106
 460 01af 01       		.byte	1
 461 01b0 9E       		.byte	-98
 462 01b1 02       		.byte	2
 463 01b2 B0       		.byte	-80
 464 01b3 01       		.byte	1
 465 01b4 B2       		.byte	-78
 466 01b5 02       		.byte	2
 467 01b6 BA       		.byte	-70
 468 01b7 80       		.byte	-128
 469 01b8 BE       		.byte	-66
 470 01b9 05       		.byte	5
 471 01ba D4       		.byte	-44
 472 01bb 18       		.byte	24
 473 01bc D8       		.byte	-40
 474 01bd 04       		.byte	4
 475 01be DB       		.byte	-37
 476 01bf 04       		.byte	4
 477 01c0 DC       		.byte	-36
 478 01c1 01       		.byte	1
 479 01c2 DD       		.byte	-35
 480 01c3 10       		.byte	16
 481 01c4 DF       		.byte	-33
 482 01c5 01       		.byte	1
 483 01c6 00       		.byte	0
 484 01c7 44       		.byte	68
 485 01c8 02       		.byte	2
 486 01c9 08       		.byte	8
 487 01ca 06       		.byte	6
 488 01cb 10       		.byte	16
 489 01cc 09       		.byte	9
 490 01cd 80       		.byte	-128
 491 01ce 0A       		.byte	10
 492 01cf 10       		.byte	16
 493 01d0 0B       		.byte	11
 494 01d1 04       		.byte	4
 495 01d2 0D       		.byte	13
 496 01d3 01       		.byte	1
 497 01d4 0E       		.byte	14
 498 01d5 01       		.byte	1
 499 01d6 0F       		.byte	15
 500 01d7 10       		.byte	16
 501 01d8 10       		.byte	16
 502 01d9 80       		.byte	-128
 503 01da 11       		.byte	17
 504 01db 40       		.byte	64
 505 01dc 13       		.byte	19
 506 01dd 28       		.byte	40
 507 01de 18       		.byte	24
 508 01df 04       		.byte	4
 509 01e0 19       		.byte	25
 510 01e1 25       		.byte	37
 511 01e2 1A       		.byte	26
 512 01e3 11       		.byte	17
 513 01e4 1D       		.byte	29
ARM GAS  C:\Users\Angus\AppData\Local\Temp\ccpDfHyS.s 			page 10


 514 01e5 80       		.byte	-128
 515 01e6 1F       		.byte	31
 516 01e7 05       		.byte	5
 517 01e8 20       		.byte	32
 518 01e9 40       		.byte	64
 519 01ea 21       		.byte	33
 520 01eb 0A       		.byte	10
 521 01ec 23       		.byte	35
 522 01ed 15       		.byte	21
 523 01ee 29       		.byte	41
 524 01ef 60       		.byte	96
 525 01f0 2A       		.byte	42
 526 01f1 05       		.byte	5
 527 01f2 31       		.byte	49
 528 01f3 96       		.byte	-106
 529 01f4 38       		.byte	56
 530 01f5 28       		.byte	40
 531 01f6 39       		.byte	57
 532 01f7 40       		.byte	64
 533 01f8 40       		.byte	64
 534 01f9 40       		.byte	64
 535 01fa 41       		.byte	65
 536 01fb 88       		.byte	-120
 537 01fc 48       		.byte	72
 538 01fd 05       		.byte	5
 539 01fe 49       		.byte	73
 540 01ff 10       		.byte	16
 541 0200 4A       		.byte	74
 542 0201 08       		.byte	8
 543 0202 51       		.byte	81
 544 0203 01       		.byte	1
 545 0204 52       		.byte	82
 546 0205 10       		.byte	16
 547 0206 59       		.byte	89
 548 0207 01       		.byte	1
 549 0208 5F       		.byte	95
 550 0209 01       		.byte	1
 551 020a 67       		.byte	103
 552 020b 0A       		.byte	10
 553 020c 69       		.byte	105
 554 020d 20       		.byte	32
 555 020e 6A       		.byte	106
 556 020f 80       		.byte	-128
 557 0210 6B       		.byte	107
 558 0211 10       		.byte	16
 559 0212 70       		.byte	112
 560 0213 94       		.byte	-108
 561 0214 71       		.byte	113
 562 0215 40       		.byte	64
 563 0216 73       		.byte	115
 564 0217 28       		.byte	40
 565 0218 8C       		.byte	-116
 566 0219 20       		.byte	32
 567 021a 8D       		.byte	-115
 568 021b 40       		.byte	64
 569 021c 95       		.byte	-107
 570 021d 20       		.byte	32
ARM GAS  C:\Users\Angus\AppData\Local\Temp\ccpDfHyS.s 			page 11


 571 021e 96       		.byte	-106
 572 021f 80       		.byte	-128
 573 0220 9A       		.byte	-102
 574 0221 05       		.byte	5
 575 0222 9C       		.byte	-100
 576 0223 20       		.byte	32
 577 0224 9F       		.byte	-97
 578 0225 10       		.byte	16
 579 0226 A0       		.byte	-96
 580 0227 05       		.byte	5
 581 0228 A8       		.byte	-88
 582 0229 02       		.byte	2
 583 022a AB       		.byte	-85
 584 022b 08       		.byte	8
 585 022c AD       		.byte	-83
 586 022d 10       		.byte	16
 587 022e AF       		.byte	-81
 588 022f 01       		.byte	1
 589 0230 C0       		.byte	-64
 590 0231 27       		.byte	39
 591 0232 C2       		.byte	-62
 592 0233 B7       		.byte	-73
 593 0234 C4       		.byte	-60
 594 0235 0F       		.byte	15
 595 0236 CA       		.byte	-54
 596 0237 0F       		.byte	15
 597 0238 CC       		.byte	-52
 598 0239 0F       		.byte	15
 599 023a CE       		.byte	-50
 600 023b 0E       		.byte	14
 601 023c D0       		.byte	-48
 602 023d 0B       		.byte	11
 603 023e D2       		.byte	-46
 604 023f 0C       		.byte	12
 605 0240 D6       		.byte	-42
 606 0241 81       		.byte	-127
 607 0242 D8       		.byte	-40
 608 0243 30       		.byte	48
 609 0244 94       		.byte	-108
 610 0245 04       		.byte	4
 611 0246 A8       		.byte	-88
 612 0247 04       		.byte	4
 613 0248 E8       		.byte	-24
 614 0249 20       		.byte	32
 615 024a 7D       		.byte	125
 616 024b 20       		.byte	32
 617 024c DE       		.byte	-34
 618 024d 01       		.byte	1
 619 024e A5       		.byte	-91
 620 024f 10       		.byte	16
 621 0250 47       		.byte	71
 622 0251 08       		.byte	8
 623 0252 A5       		.byte	-91
 624 0253 10       		.byte	16
 625 0254 D0       		.byte	-48
 626 0255 01       		.byte	1
 627 0256 A5       		.byte	-91
ARM GAS  C:\Users\Angus\AppData\Local\Temp\ccpDfHyS.s 			page 12


 628 0257 10       		.byte	16
 629 0258 AB       		.byte	-85
 630 0259 08       		.byte	8
 631 025a 24       		.byte	36
 632 025b 04       		.byte	4
 633 025c 94       		.byte	-108
 634 025d 04       		.byte	4
 635 025e C8       		.byte	-56
 636 025f 20       		.byte	32
 637 0260 87       		.byte	-121
 638 0261 10       		.byte	16
 639 0262 B5       		.byte	-75
 640 0263 10       		.byte	16
 641 0264 EC       		.byte	-20
 642 0265 08       		.byte	8
 643 0266 12       		.byte	18
 644 0267 80       		.byte	-128
 645 0268 73       		.byte	115
 646 0269 10       		.byte	16
 647 026a 8E       		.byte	-114
 648 026b 80       		.byte	-128
 649 026c 93       		.byte	-109
 650 026d 10       		.byte	16
 651 026e C4       		.byte	-60
 652 026f 08       		.byte	8
 653 0270 DC       		.byte	-36
 654 0271 01       		.byte	1
 655 0272 E2       		.byte	-30
 656 0273 02       		.byte	2
 657 0274 10       		.byte	16
 658 0275 02       		.byte	2
 659 0276 11       		.byte	17
 660 0277 01       		.byte	1
 661 0278 1C       		.byte	28
 662 0279 02       		.byte	2
 663 027a 1D       		.byte	29
 664 027b 01       		.byte	1
 665 027c 00       		.byte	0
 666 027d 00       		.byte	0
 667 027e 00       		.byte	0
 668 027f 00       		.byte	0
 669 0280 3C       		.byte	60
 670 0281 0C       		.byte	12
 671 0282 C2       		.byte	-62
 672 0283 00       		.byte	0
 673 0284 00       		.byte	0
 674 0285 04       		.byte	4
 675 0286 43       		.byte	67
 676 0287 00       		.byte	0
 677 0288 E7       		.byte	-25
 678 0289 21       		.byte	33
 679 028a 18       		.byte	24
 680 028b 80       		.byte	-128
 681 028c 00       		.byte	0
 682 028d 73       		.byte	115
 683 028e 00       		.byte	0
 684 028f 0C       		.byte	12
ARM GAS  C:\Users\Angus\AppData\Local\Temp\ccpDfHyS.s 			page 13


 685 0290 3C       		.byte	60
 686 0291 0F       		.byte	15
 687 0292 C1       		.byte	-63
 688 0293 70       		.byte	112
 689 0294 00       		.byte	0
 690 0295 00       		.byte	0
 691 0296 04       		.byte	4
 692 0297 73       		.byte	115
 693 0298 FF       		.byte	-1
 694 0299 7F       		.byte	127
 695 029a 00       		.byte	0
 696 029b 00       		.byte	0
 697 029c 10       		.byte	16
 698 029d 63       		.byte	99
 699 029e 00       		.byte	0
 700 029f 00       		.byte	0
 701 02a0 08       		.byte	8
 702 02a1 42       		.byte	66
 703 02a2 00       		.byte	0
 704 02a3 00       		.byte	0
 705 02a4 18       		.byte	24
 706 02a5 1C       		.byte	28
 707 02a6 00       		.byte	0
 708 02a7 63       		.byte	99
 709 02a8 04       		.byte	4
 710 02a9 08       		.byte	8
 711 02aa 00       		.byte	0
 712 02ab 00       		.byte	0
 713 02ac 20       		.byte	32
 714 02ad 0F       		.byte	15
 715 02ae 58       		.byte	88
 716 02af 1C       		.byte	28
 717 02b0 1F       		.byte	31
 718 02b1 80       		.byte	-128
 719 02b2 80       		.byte	-128
 720 02b3 60       		.byte	96
 721 02b4 80       		.byte	-128
 722 02b5 00       		.byte	0
 723 02b6 28       		.byte	40
 724 02b7 02       		.byte	2
 725 02b8 00       		.byte	0
 726 02b9 00       		.byte	0
 727 02ba 01       		.byte	1
 728 02bb 00       		.byte	0
 729 02bc 46       		.byte	70
 730 02bd 01       		.byte	1
 731 02be 03       		.byte	3
 732 02bf 00       		.byte	0
 733 02c0 05       		.byte	5
 734 02c1 00       		.byte	0
 735 02c2 E0       		.byte	-32
 736 02c3 C0       		.byte	-64
 737 02c4 28       		.byte	40
 738 02c5 FF       		.byte	-1
 739 02c6 FF       		.byte	-1
 740 02c7 FF       		.byte	-1
 741 02c8 62       		.byte	98
ARM GAS  C:\Users\Angus\AppData\Local\Temp\ccpDfHyS.s 			page 14


 742 02c9 A0       		.byte	-96
 743 02ca F0       		.byte	-16
 744 02cb 41       		.byte	65
 745 02cc 0C       		.byte	12
 746 02cd 00       		.byte	0
 747 02ce 00       		.byte	0
 748 02cf 00       		.byte	0
 749 02d0 00       		.byte	0
 750 02d1 00       		.byte	0
 751 02d2 02       		.byte	2
 752 02d3 13       		.byte	19
 753 02d4 04       		.byte	4
 754 02d5 04       		.byte	4
 755 02d6 04       		.byte	4
 756 02d7 04       		.byte	4
 757 02d8 11       		.byte	17
 758 02d9 11       		.byte	17
 759 02da 00       		.byte	0
 760 02db 01       		.byte	1
 761 02dc 00       		.byte	0
 762 02dd 00       		.byte	0
 763 02de 00       		.byte	0
 764 02df 00       		.byte	0
 765 02e0 00       		.byte	0
 766 02e1 00       		.byte	0
 767 02e2 40       		.byte	64
 768 02e3 02       		.byte	2
 769 02e4 00       		.byte	0
 770 02e5 10       		.byte	16
 771 02e6 30       		.byte	48
 772 02e7 10       		.byte	16
 773 02e8 00       		.byte	0
 774 02e9 10       		.byte	16
 775 02ea 10       		.byte	16
 776 02eb 12       		.byte	18
 777 02ec 00       		.byte	0
 778 02ed 00       		.byte	0
 779 02ee 00       		.byte	0
 780 02ef 00       		.byte	0
 781 02f0 00       		.byte	0
 782 02f1 00       		.byte	0
 783 02f2 00       		.byte	0
 784 02f3 00       		.byte	0
 785 02f4 00       		.byte	0
 786 02f5 00       		.byte	0
 787 02f6 00       		.byte	0
 788 02f7 00       		.byte	0
 789 02f8 00       		.byte	0
 790 02f9 00       		.byte	0
 791 02fa 00       		.byte	0
 792 02fb 00       		.byte	0
 793 02fc 00       		.byte	0
 794 02fd 00       		.byte	0
 795 02fe 00       		.byte	0
 796 02ff 00       		.byte	0
 797 0300 00       		.byte	0
 798 0301 00       		.byte	0
ARM GAS  C:\Users\Angus\AppData\Local\Temp\ccpDfHyS.s 			page 15


 799 0302 80       		.byte	-128
 800 0303 00       		.byte	0
 801 0304 80       		.byte	-128
 802 0305 00       		.byte	0
 803 0306 40       		.byte	64
 804 0307 80       		.byte	-128
 805 0308 80       		.byte	-128
 806 0309 00       		.byte	0
 807 030a 80       		.byte	-128
 808 030b 00       		.byte	0
 809 030c 00       		.byte	0
 810 030d 00       		.byte	0
 811 030e 00       		.byte	0
 812 030f 00       		.byte	0
 813 0310 00       		.byte	0
 814 0311 0B       		.byte	11
 815 0312 0B       		.byte	11
 816 0313 00       		.byte	0
 817 0314 00       		.byte	0
 818 0315 00       		.byte	0
 819 0316 00       		.byte	0
 820 0317 00       		.byte	0
 821 0318 04       		.byte	4
 822 0319 00       		.byte	0
 823 031a 00       		.byte	0
 824 031b 06       		.byte	6
 825 031c 02       		.byte	2
 826 031d 00       		.byte	0
 827 031e 00       		.byte	0
 828 031f 00       		.byte	0
 829 0320 00       		.byte	0
 830 0321 00       		.byte	0
 831 0322 00       		.byte	0
 832 0323 00       		.byte	0
 833 0324 07       		.byte	7
 834 0325 00       		.byte	0
 835 0326 18       		.byte	24
 836 0327 01       		.byte	1
 837              		.section	.cywolatch,"a",%progbits
 838              		.align	2
 839              		.type	cy_meta_wonvl, %object
 840              		.size	cy_meta_wonvl, 4
 841              	cy_meta_wonvl:
 842 0000 BC       		.byte	-68
 843 0001 90       		.byte	-112
 844 0002 AC       		.byte	-84
 845 0003 AF       		.byte	-81
 846              		.section	.cycustnvl,"a",%progbits
 847              		.align	2
 848              		.type	cy_meta_custnvl, %object
 849              		.size	cy_meta_custnvl, 4
 850              	cy_meta_custnvl:
 851 0000 00       		.byte	0
 852 0001 00       		.byte	0
 853 0002 40       		.byte	64
 854 0003 05       		.byte	5
 855              		.section	.cymeta,"a",%progbits
ARM GAS  C:\Users\Angus\AppData\Local\Temp\ccpDfHyS.s 			page 16


 856              		.align	2
 857              		.type	cy_metadata, %object
 858              		.size	cy_metadata, 12
 859              	cy_metadata:
 860 0000 00       		.byte	0
 861 0001 01       		.byte	1
 862 0002 2E       		.byte	46
 863 0003 16       		.byte	22
 864 0004 10       		.byte	16
 865 0005 69       		.byte	105
 866 0006 00       		.byte	0
 867 0007 01       		.byte	1
 868 0008 00       		.byte	0
 869 0009 00       		.byte	0
 870 000a 00       		.byte	0
 871 000b 00       		.byte	0
 872              		.section	.cyflashprotect,"a",%progbits
 873              		.align	2
 874              		.type	cy_meta_flashprotect, %object
 875              		.size	cy_meta_flashprotect, 256
 876              	cy_meta_flashprotect:
 877 0000 00000000 		.space	256
 877      00000000 
 877      00000000 
 877      00000000 
 877      00000000 
 878              		.text
 879              	.Letext0:
 880              		.file 1 "c:\\program files (x86)\\cypress\\psoc creator\\4.1\\psoc creator\\import\\gnu\\arm\\5.4.
 881              		.file 2 "c:\\program files (x86)\\cypress\\psoc creator\\4.1\\psoc creator\\import\\gnu\\arm\\5.4.
 882              		.file 3 "Generated_Source\\PSoC5\\cymetadata.c"
 883              		.section	.debug_info,"",%progbits
 884              	.Ldebug_info0:
 885 0000 31010000 		.4byte	0x131
 886 0004 0400     		.2byte	0x4
 887 0006 00000000 		.4byte	.Ldebug_abbrev0
 888 000a 04       		.byte	0x4
 889 000b 01       		.uleb128 0x1
 890 000c 69000000 		.4byte	.LASF17
 891 0010 0C       		.byte	0xc
 892 0011 C3010000 		.4byte	.LASF18
 893 0015 16000000 		.4byte	.LASF19
 894 0019 00000000 		.4byte	.Ldebug_line0
 895 001d 02       		.uleb128 0x2
 896 001e 01       		.byte	0x1
 897 001f 06       		.byte	0x6
 898 0020 B7010000 		.4byte	.LASF0
 899 0024 03       		.uleb128 0x3
 900 0025 00000000 		.4byte	.LASF9
 901 0029 01       		.byte	0x1
 902 002a 1D       		.byte	0x1d
 903 002b 2F000000 		.4byte	0x2f
 904 002f 02       		.uleb128 0x2
 905 0030 01       		.byte	0x1
 906 0031 08       		.byte	0x8
 907 0032 5B000000 		.4byte	.LASF1
 908 0036 02       		.uleb128 0x2
ARM GAS  C:\Users\Angus\AppData\Local\Temp\ccpDfHyS.s 			page 17


 909 0037 02       		.byte	0x2
 910 0038 05       		.byte	0x5
 911 0039 A4010000 		.4byte	.LASF2
 912 003d 02       		.uleb128 0x2
 913 003e 02       		.byte	0x2
 914 003f 07       		.byte	0x7
 915 0040 09010000 		.4byte	.LASF3
 916 0044 02       		.uleb128 0x2
 917 0045 04       		.byte	0x4
 918 0046 05       		.byte	0x5
 919 0047 AE010000 		.4byte	.LASF4
 920 004b 02       		.uleb128 0x2
 921 004c 04       		.byte	0x4
 922 004d 07       		.byte	0x7
 923 004e F7000000 		.4byte	.LASF5
 924 0052 02       		.uleb128 0x2
 925 0053 08       		.byte	0x8
 926 0054 05       		.byte	0x5
 927 0055 96010000 		.4byte	.LASF6
 928 0059 02       		.uleb128 0x2
 929 005a 08       		.byte	0x8
 930 005b 07       		.byte	0x7
 931 005c 4B010000 		.4byte	.LASF7
 932 0060 04       		.uleb128 0x4
 933 0061 04       		.byte	0x4
 934 0062 05       		.byte	0x5
 935 0063 696E7400 		.ascii	"int\000"
 936 0067 02       		.uleb128 0x2
 937 0068 04       		.byte	0x4
 938 0069 07       		.byte	0x7
 939 006a 3E010000 		.4byte	.LASF8
 940 006e 03       		.uleb128 0x3
 941 006f 62010000 		.4byte	.LASF10
 942 0073 02       		.byte	0x2
 943 0074 18       		.byte	0x18
 944 0075 24000000 		.4byte	0x24
 945 0079 05       		.uleb128 0x5
 946 007a 91000000 		.4byte	0x91
 947 007e 8A000000 		.4byte	0x8a
 948 0082 06       		.uleb128 0x6
 949 0083 8A000000 		.4byte	0x8a
 950 0087 2703     		.2byte	0x327
 951 0089 00       		.byte	0
 952 008a 02       		.uleb128 0x2
 953 008b 04       		.byte	0x4
 954 008c 07       		.byte	0x7
 955 008d 8D010000 		.4byte	.LASF11
 956 0091 07       		.uleb128 0x7
 957 0092 6E000000 		.4byte	0x6e
 958 0096 08       		.uleb128 0x8
 959 0097 2C010000 		.4byte	.LASF12
 960 009b 03       		.byte	0x3
 961 009c 1F       		.byte	0x1f
 962 009d A7000000 		.4byte	0xa7
 963 00a1 05       		.uleb128 0x5
 964 00a2 03       		.byte	0x3
 965 00a3 00000000 		.4byte	cy_meta_configecc
ARM GAS  C:\Users\Angus\AppData\Local\Temp\ccpDfHyS.s 			page 18


 966 00a7 07       		.uleb128 0x7
 967 00a8 79000000 		.4byte	0x79
 968 00ac 05       		.uleb128 0x5
 969 00ad 91000000 		.4byte	0x91
 970 00b1 BC000000 		.4byte	0xbc
 971 00b5 09       		.uleb128 0x9
 972 00b6 8A000000 		.4byte	0x8a
 973 00ba 03       		.byte	0x3
 974 00bb 00       		.byte	0
 975 00bc 08       		.uleb128 0x8
 976 00bd 1C010000 		.4byte	.LASF13
 977 00c1 03       		.byte	0x3
 978 00c2 91       		.byte	0x91
 979 00c3 CD000000 		.4byte	0xcd
 980 00c7 05       		.uleb128 0x5
 981 00c8 03       		.byte	0x3
 982 00c9 00000000 		.4byte	cy_meta_custnvl
 983 00cd 07       		.uleb128 0x7
 984 00ce AC000000 		.4byte	0xac
 985 00d2 08       		.uleb128 0x8
 986 00d3 7F010000 		.4byte	.LASF14
 987 00d7 03       		.byte	0x3
 988 00d8 9F       		.byte	0x9f
 989 00d9 E3000000 		.4byte	0xe3
 990 00dd 05       		.uleb128 0x5
 991 00de 03       		.byte	0x3
 992 00df 00000000 		.4byte	cy_meta_wonvl
 993 00e3 07       		.uleb128 0x7
 994 00e4 AC000000 		.4byte	0xac
 995 00e8 05       		.uleb128 0x5
 996 00e9 91000000 		.4byte	0x91
 997 00ed F8000000 		.4byte	0xf8
 998 00f1 09       		.uleb128 0x9
 999 00f2 8A000000 		.4byte	0x8a
 1000 00f6 FF       		.byte	0xff
 1001 00f7 00       		.byte	0
 1002 00f8 08       		.uleb128 0x8
 1003 00f9 6A010000 		.4byte	.LASF15
 1004 00fd 03       		.byte	0x3
 1005 00fe AD       		.byte	0xad
 1006 00ff 09010000 		.4byte	0x109
 1007 0103 05       		.uleb128 0x5
 1008 0104 03       		.byte	0x3
 1009 0105 00000000 		.4byte	cy_meta_flashprotect
 1010 0109 07       		.uleb128 0x7
 1011 010a E8000000 		.4byte	0xe8
 1012 010e 05       		.uleb128 0x5
 1013 010f 91000000 		.4byte	0x91
 1014 0113 1E010000 		.4byte	0x11e
 1015 0117 09       		.uleb128 0x9
 1016 0118 8A000000 		.4byte	0x8a
 1017 011c 0B       		.byte	0xb
 1018 011d 00       		.byte	0
 1019 011e 08       		.uleb128 0x8
 1020 011f 0A000000 		.4byte	.LASF16
 1021 0123 03       		.byte	0x3
 1022 0124 DA       		.byte	0xda
ARM GAS  C:\Users\Angus\AppData\Local\Temp\ccpDfHyS.s 			page 19


 1023 0125 2F010000 		.4byte	0x12f
 1024 0129 05       		.uleb128 0x5
 1025 012a 03       		.byte	0x3
 1026 012b 00000000 		.4byte	cy_metadata
 1027 012f 07       		.uleb128 0x7
 1028 0130 0E010000 		.4byte	0x10e
 1029 0134 00       		.byte	0
 1030              		.section	.debug_abbrev,"",%progbits
 1031              	.Ldebug_abbrev0:
 1032 0000 01       		.uleb128 0x1
 1033 0001 11       		.uleb128 0x11
 1034 0002 01       		.byte	0x1
 1035 0003 25       		.uleb128 0x25
 1036 0004 0E       		.uleb128 0xe
 1037 0005 13       		.uleb128 0x13
 1038 0006 0B       		.uleb128 0xb
 1039 0007 03       		.uleb128 0x3
 1040 0008 0E       		.uleb128 0xe
 1041 0009 1B       		.uleb128 0x1b
 1042 000a 0E       		.uleb128 0xe
 1043 000b 10       		.uleb128 0x10
 1044 000c 17       		.uleb128 0x17
 1045 000d 00       		.byte	0
 1046 000e 00       		.byte	0
 1047 000f 02       		.uleb128 0x2
 1048 0010 24       		.uleb128 0x24
 1049 0011 00       		.byte	0
 1050 0012 0B       		.uleb128 0xb
 1051 0013 0B       		.uleb128 0xb
 1052 0014 3E       		.uleb128 0x3e
 1053 0015 0B       		.uleb128 0xb
 1054 0016 03       		.uleb128 0x3
 1055 0017 0E       		.uleb128 0xe
 1056 0018 00       		.byte	0
 1057 0019 00       		.byte	0
 1058 001a 03       		.uleb128 0x3
 1059 001b 16       		.uleb128 0x16
 1060 001c 00       		.byte	0
 1061 001d 03       		.uleb128 0x3
 1062 001e 0E       		.uleb128 0xe
 1063 001f 3A       		.uleb128 0x3a
 1064 0020 0B       		.uleb128 0xb
 1065 0021 3B       		.uleb128 0x3b
 1066 0022 0B       		.uleb128 0xb
 1067 0023 49       		.uleb128 0x49
 1068 0024 13       		.uleb128 0x13
 1069 0025 00       		.byte	0
 1070 0026 00       		.byte	0
 1071 0027 04       		.uleb128 0x4
 1072 0028 24       		.uleb128 0x24
 1073 0029 00       		.byte	0
 1074 002a 0B       		.uleb128 0xb
 1075 002b 0B       		.uleb128 0xb
 1076 002c 3E       		.uleb128 0x3e
 1077 002d 0B       		.uleb128 0xb
 1078 002e 03       		.uleb128 0x3
 1079 002f 08       		.uleb128 0x8
ARM GAS  C:\Users\Angus\AppData\Local\Temp\ccpDfHyS.s 			page 20


 1080 0030 00       		.byte	0
 1081 0031 00       		.byte	0
 1082 0032 05       		.uleb128 0x5
 1083 0033 01       		.uleb128 0x1
 1084 0034 01       		.byte	0x1
 1085 0035 49       		.uleb128 0x49
 1086 0036 13       		.uleb128 0x13
 1087 0037 01       		.uleb128 0x1
 1088 0038 13       		.uleb128 0x13
 1089 0039 00       		.byte	0
 1090 003a 00       		.byte	0
 1091 003b 06       		.uleb128 0x6
 1092 003c 21       		.uleb128 0x21
 1093 003d 00       		.byte	0
 1094 003e 49       		.uleb128 0x49
 1095 003f 13       		.uleb128 0x13
 1096 0040 2F       		.uleb128 0x2f
 1097 0041 05       		.uleb128 0x5
 1098 0042 00       		.byte	0
 1099 0043 00       		.byte	0
 1100 0044 07       		.uleb128 0x7
 1101 0045 26       		.uleb128 0x26
 1102 0046 00       		.byte	0
 1103 0047 49       		.uleb128 0x49
 1104 0048 13       		.uleb128 0x13
 1105 0049 00       		.byte	0
 1106 004a 00       		.byte	0
 1107 004b 08       		.uleb128 0x8
 1108 004c 34       		.uleb128 0x34
 1109 004d 00       		.byte	0
 1110 004e 03       		.uleb128 0x3
 1111 004f 0E       		.uleb128 0xe
 1112 0050 3A       		.uleb128 0x3a
 1113 0051 0B       		.uleb128 0xb
 1114 0052 3B       		.uleb128 0x3b
 1115 0053 0B       		.uleb128 0xb
 1116 0054 49       		.uleb128 0x49
 1117 0055 13       		.uleb128 0x13
 1118 0056 3F       		.uleb128 0x3f
 1119 0057 19       		.uleb128 0x19
 1120 0058 02       		.uleb128 0x2
 1121 0059 18       		.uleb128 0x18
 1122 005a 00       		.byte	0
 1123 005b 00       		.byte	0
 1124 005c 09       		.uleb128 0x9
 1125 005d 21       		.uleb128 0x21
 1126 005e 00       		.byte	0
 1127 005f 49       		.uleb128 0x49
 1128 0060 13       		.uleb128 0x13
 1129 0061 2F       		.uleb128 0x2f
 1130 0062 0B       		.uleb128 0xb
 1131 0063 00       		.byte	0
 1132 0064 00       		.byte	0
 1133 0065 00       		.byte	0
 1134              		.section	.debug_aranges,"",%progbits
 1135 0000 14000000 		.4byte	0x14
 1136 0004 0200     		.2byte	0x2
ARM GAS  C:\Users\Angus\AppData\Local\Temp\ccpDfHyS.s 			page 21


 1137 0006 00000000 		.4byte	.Ldebug_info0
 1138 000a 04       		.byte	0x4
 1139 000b 00       		.byte	0
 1140 000c 0000     		.2byte	0
 1141 000e 0000     		.2byte	0
 1142 0010 00000000 		.4byte	0
 1143 0014 00000000 		.4byte	0
 1144              		.section	.debug_line,"",%progbits
 1145              	.Ldebug_line0:
 1146 0000 3D010000 		.section	.debug_str,"MS",%progbits,1
 1146      02003701 
 1146      00000201 
 1146      FB0E0D00 
 1146      01010101 
 1147              	.LASF9:
 1148 0000 5F5F7569 		.ascii	"__uint8_t\000"
 1148      6E74385F 
 1148      7400
 1149              	.LASF16:
 1150 000a 63795F6D 		.ascii	"cy_metadata\000"
 1150      65746164 
 1150      61746100 
 1151              	.LASF19:
 1152 0016 433A5C55 		.ascii	"C:\\Users\\Angus\\Documents\\PSoC Creator\\EngDesig"
 1152      73657273 
 1152      5C416E67 
 1152      75735C44 
 1152      6F63756D 
 1153 0044 6E5C436F 		.ascii	"n\\Colour Sensing.cydsn\000"
 1153      6C6F7572 
 1153      2053656E 
 1153      73696E67 
 1153      2E637964 
 1154              	.LASF1:
 1155 005b 756E7369 		.ascii	"unsigned char\000"
 1155      676E6564 
 1155      20636861 
 1155      7200
 1156              	.LASF17:
 1157 0069 474E5520 		.ascii	"GNU C11 5.4.1 20160609 (release) [ARM/embedded-5-br"
 1157      43313120 
 1157      352E342E 
 1157      31203230 
 1157      31363036 
 1158 009c 616E6368 		.ascii	"anch revision 237715] -mcpu=cortex-m3 -mthumb -g -O"
 1158      20726576 
 1158      6973696F 
 1158      6E203233 
 1158      37373135 
 1159 00cf 67202D66 		.ascii	"g -ffunction-sections -ffat-lto-objects\000"
 1159      66756E63 
 1159      74696F6E 
 1159      2D736563 
 1159      74696F6E 
 1160              	.LASF5:
 1161 00f7 6C6F6E67 		.ascii	"long unsigned int\000"
 1161      20756E73 
ARM GAS  C:\Users\Angus\AppData\Local\Temp\ccpDfHyS.s 			page 22


 1161      69676E65 
 1161      6420696E 
 1161      7400
 1162              	.LASF3:
 1163 0109 73686F72 		.ascii	"short unsigned int\000"
 1163      7420756E 
 1163      7369676E 
 1163      65642069 
 1163      6E7400
 1164              	.LASF13:
 1165 011c 63795F6D 		.ascii	"cy_meta_custnvl\000"
 1165      6574615F 
 1165      63757374 
 1165      6E766C00 
 1166              	.LASF12:
 1167 012c 63795F6D 		.ascii	"cy_meta_configecc\000"
 1167      6574615F 
 1167      636F6E66 
 1167      69676563 
 1167      6300
 1168              	.LASF8:
 1169 013e 756E7369 		.ascii	"unsigned int\000"
 1169      676E6564 
 1169      20696E74 
 1169      00
 1170              	.LASF7:
 1171 014b 6C6F6E67 		.ascii	"long long unsigned int\000"
 1171      206C6F6E 
 1171      6720756E 
 1171      7369676E 
 1171      65642069 
 1172              	.LASF10:
 1173 0162 75696E74 		.ascii	"uint8_t\000"
 1173      385F7400 
 1174              	.LASF15:
 1175 016a 63795F6D 		.ascii	"cy_meta_flashprotect\000"
 1175      6574615F 
 1175      666C6173 
 1175      6870726F 
 1175      74656374 
 1176              	.LASF14:
 1177 017f 63795F6D 		.ascii	"cy_meta_wonvl\000"
 1177      6574615F 
 1177      776F6E76 
 1177      6C00
 1178              	.LASF11:
 1179 018d 73697A65 		.ascii	"sizetype\000"
 1179      74797065 
 1179      00
 1180              	.LASF6:
 1181 0196 6C6F6E67 		.ascii	"long long int\000"
 1181      206C6F6E 
 1181      6720696E 
 1181      7400
 1182              	.LASF2:
 1183 01a4 73686F72 		.ascii	"short int\000"
 1183      7420696E 
ARM GAS  C:\Users\Angus\AppData\Local\Temp\ccpDfHyS.s 			page 23


 1183      7400
 1184              	.LASF4:
 1185 01ae 6C6F6E67 		.ascii	"long int\000"
 1185      20696E74 
 1185      00
 1186              	.LASF0:
 1187 01b7 7369676E 		.ascii	"signed char\000"
 1187      65642063 
 1187      68617200 
 1188              	.LASF18:
 1189 01c3 47656E65 		.ascii	"Generated_Source\\PSoC5\\cymetadata.c\000"
 1189      72617465 
 1189      645F536F 
 1189      75726365 
 1189      5C50536F 
 1190              		.ident	"GCC: (GNU Tools for ARM Embedded Processors) 5.4.1 20160609 (release) [ARM/embedded-5-bran
