ARM GAS  C:\Users\Angus\AppData\Local\Temp\cchLWIqJ.s 			page 1


   1              		.syntax unified
   2              		.cpu cortex-m3
   3              		.fpu softvfp
   4              		.eabi_attribute 20, 1
   5              		.eabi_attribute 21, 1
   6              		.eabi_attribute 23, 3
   7              		.eabi_attribute 24, 1
   8              		.eabi_attribute 25, 1
   9              		.eabi_attribute 26, 1
  10              		.eabi_attribute 30, 1
  11              		.eabi_attribute 34, 1
  12              		.eabi_attribute 18, 4
  13              		.thumb
  14              		.syntax unified
  15              		.file	"cymetadata.c"
  16              		.text
  17              	.Ltext0:
  18              		.cfi_sections	.debug_frame
  19              		.global	cy_metadata
  20              		.global	cy_meta_flashprotect
  21              		.global	cy_meta_wonvl
  22              		.global	cy_meta_custnvl
  23              		.global	cy_meta_configecc
  24              		.section	.cyconfigecc,"a",%progbits
  25              		.align	2
  26              		.type	cy_meta_configecc, %object
  27              		.size	cy_meta_configecc, 1412
  28              	cy_meta_configecc:
  29 0000 02       		.byte	2
  30 0001 52       		.byte	82
  31 0002 00       		.byte	0
  32 0003 40       		.byte	64
  33 0004 03       		.byte	3
  34 0005 64       		.byte	100
  35 0006 00       		.byte	0
  36 0007 40       		.byte	64
  37 0008 01       		.byte	1
  38 0009 65       		.byte	101
  39 000a 00       		.byte	0
  40 000b 40       		.byte	64
  41 000c 01       		.byte	1
  42 000d 03       		.byte	3
  43 000e 01       		.byte	1
  44 000f 40       		.byte	64
  45 0010 5D       		.byte	93
  46 0011 08       		.byte	8
  47 0012 01       		.byte	1
  48 0013 40       		.byte	64
  49 0014 48       		.byte	72
  50 0015 09       		.byte	9
  51 0016 01       		.byte	1
  52 0017 40       		.byte	64
  53 0018 4C       		.byte	76
  54 0019 0A       		.byte	10
  55 001a 01       		.byte	1
  56 001b 40       		.byte	64
  57 001c 37       		.byte	55
ARM GAS  C:\Users\Angus\AppData\Local\Temp\cchLWIqJ.s 			page 2


  58 001d 0B       		.byte	11
  59 001e 01       		.byte	1
  60 001f 40       		.byte	64
  61 0020 01       		.byte	1
  62 0021 0D       		.byte	13
  63 0022 01       		.byte	1
  64 0023 40       		.byte	64
  65 0024 66       		.byte	102
  66 0025 18       		.byte	24
  67 0026 01       		.byte	1
  68 0027 40       		.byte	64
  69 0028 4C       		.byte	76
  70 0029 19       		.byte	25
  71 002a 01       		.byte	1
  72 002b 40       		.byte	64
  73 002c 4B       		.byte	75
  74 002d 1A       		.byte	26
  75 002e 01       		.byte	1
  76 002f 40       		.byte	64
  77 0030 42       		.byte	66
  78 0031 1B       		.byte	27
  79 0032 01       		.byte	1
  80 0033 40       		.byte	64
  81 0034 02       		.byte	2
  82 0035 40       		.byte	64
  83 0036 01       		.byte	1
  84 0037 40       		.byte	64
  85 0038 03       		.byte	3
  86 0039 41       		.byte	65
  87 003a 01       		.byte	1
  88 003b 40       		.byte	64
  89 003c 03       		.byte	3
  90 003d 47       		.byte	71
  91 003e 01       		.byte	1
  92 003f 40       		.byte	64
  93 0040 06       		.byte	6
  94 0041 4C       		.byte	76
  95 0042 01       		.byte	1
  96 0043 40       		.byte	64
  97 0044 07       		.byte	7
  98 0045 4D       		.byte	77
  99 0046 01       		.byte	1
 100 0047 40       		.byte	64
 101 0048 06       		.byte	6
 102 0049 50       		.byte	80
 103 004a 01       		.byte	1
 104 004b 40       		.byte	64
 105 004c 01       		.byte	1
 106 004d 51       		.byte	81
 107 004e 01       		.byte	1
 108 004f 40       		.byte	64
 109 0050 61       		.byte	97
 110 0051 80       		.byte	-128
 111 0052 64       		.byte	100
 112 0053 40       		.byte	64
 113 0054 88       		.byte	-120
 114 0055 0F       		.byte	15
ARM GAS  C:\Users\Angus\AppData\Local\Temp\cchLWIqJ.s 			page 3


 115 0056 89       		.byte	-119
 116 0057 72       		.byte	114
 117 0058 8B       		.byte	-117
 118 0059 0F       		.byte	15
 119 005a 8A       		.byte	-118
 120 005b 38       		.byte	56
 121 005c E6       		.byte	-26
 122 005d 02       		.byte	2
 123 005e 00       		.byte	0
 124 005f 0F       		.byte	15
 125 0060 06       		.byte	6
 126 0061 0F       		.byte	15
 127 0062 07       		.byte	7
 128 0063 1F       		.byte	31
 129 0064 08       		.byte	8
 130 0065 06       		.byte	6
 131 0066 09       		.byte	9
 132 0067 0E       		.byte	14
 133 0068 0A       		.byte	10
 134 0069 10       		.byte	16
 135 006a 0B       		.byte	11
 136 006b 20       		.byte	32
 137 006c 0C       		.byte	12
 138 006d 05       		.byte	5
 139 006e 0D       		.byte	13
 140 006f 1F       		.byte	31
 141 0070 13       		.byte	19
 142 0071 08       		.byte	8
 143 0072 15       		.byte	21
 144 0073 02       		.byte	2
 145 0074 16       		.byte	22
 146 0075 0E       		.byte	14
 147 0076 17       		.byte	23
 148 0077 04       		.byte	4
 149 0078 1A       		.byte	26
 150 0079 0F       		.byte	15
 151 007a 1B       		.byte	27
 152 007b 30       		.byte	48
 153 007c 26       		.byte	38
 154 007d 03       		.byte	3
 155 007e 27       		.byte	39
 156 007f 1F       		.byte	31
 157 0080 29       		.byte	41
 158 0081 04       		.byte	4
 159 0082 2A       		.byte	42
 160 0083 19       		.byte	25
 161 0084 2B       		.byte	43
 162 0085 02       		.byte	2
 163 0086 32       		.byte	50
 164 0087 1F       		.byte	31
 165 0088 33       		.byte	51
 166 0089 01       		.byte	1
 167 008a 35       		.byte	53
 168 008b 3E       		.byte	62
 169 008c 3A       		.byte	58
 170 008d 08       		.byte	8
 171 008e 3B       		.byte	59
ARM GAS  C:\Users\Angus\AppData\Local\Temp\cchLWIqJ.s 			page 4


 172 008f 20       		.byte	32
 173 0090 3F       		.byte	63
 174 0091 04       		.byte	4
 175 0092 40       		.byte	64
 176 0093 35       		.byte	53
 177 0094 41       		.byte	65
 178 0095 02       		.byte	2
 179 0096 42       		.byte	66
 180 0097 06       		.byte	6
 181 0098 49       		.byte	73
 182 0099 FF       		.byte	-1
 183 009a 4A       		.byte	74
 184 009b FF       		.byte	-1
 185 009c 4B       		.byte	75
 186 009d FF       		.byte	-1
 187 009e 4F       		.byte	79
 188 009f 01       		.byte	1
 189 00a0 50       		.byte	80
 190 00a1 18       		.byte	24
 191 00a2 54       		.byte	84
 192 00a3 01       		.byte	1
 193 00a4 58       		.byte	88
 194 00a5 04       		.byte	4
 195 00a6 59       		.byte	89
 196 00a7 04       		.byte	4
 197 00a8 5A       		.byte	90
 198 00a9 04       		.byte	4
 199 00aa 5B       		.byte	91
 200 00ab 04       		.byte	4
 201 00ac 5D       		.byte	93
 202 00ad 10       		.byte	16
 203 00ae 5F       		.byte	95
 204 00af 01       		.byte	1
 205 00b0 60       		.byte	96
 206 00b1 40       		.byte	64
 207 00b2 62       		.byte	98
 208 00b3 40       		.byte	64
 209 00b4 64       		.byte	100
 210 00b5 40       		.byte	64
 211 00b6 65       		.byte	101
 212 00b7 40       		.byte	64
 213 00b8 66       		.byte	102
 214 00b9 80       		.byte	-128
 215 00ba 68       		.byte	104
 216 00bb 80       		.byte	-128
 217 00bc 6A       		.byte	106
 218 00bd 80       		.byte	-128
 219 00be 6C       		.byte	108
 220 00bf 80       		.byte	-128
 221 00c0 6E       		.byte	110
 222 00c1 80       		.byte	-128
 223 00c2 88       		.byte	-120
 224 00c3 02       		.byte	2
 225 00c4 8A       		.byte	-118
 226 00c5 01       		.byte	1
 227 00c6 8C       		.byte	-116
 228 00c7 03       		.byte	3
ARM GAS  C:\Users\Angus\AppData\Local\Temp\cchLWIqJ.s 			page 5


 229 00c8 94       		.byte	-108
 230 00c9 02       		.byte	2
 231 00ca 96       		.byte	-106
 232 00cb 01       		.byte	1
 233 00cc 98       		.byte	-104
 234 00cd 03       		.byte	3
 235 00ce AF       		.byte	-81
 236 00cf 01       		.byte	1
 237 00d0 B0       		.byte	-80
 238 00d1 02       		.byte	2
 239 00d2 B5       		.byte	-75
 240 00d3 01       		.byte	1
 241 00d4 B6       		.byte	-74
 242 00d5 01       		.byte	1
 243 00d6 B8       		.byte	-72
 244 00d7 80       		.byte	-128
 245 00d8 BE       		.byte	-66
 246 00d9 01       		.byte	1
 247 00da C0       		.byte	-64
 248 00db 35       		.byte	53
 249 00dc C1       		.byte	-63
 250 00dd 02       		.byte	2
 251 00de C2       		.byte	-62
 252 00df 06       		.byte	6
 253 00e0 C5       		.byte	-59
 254 00e1 EC       		.byte	-20
 255 00e2 C7       		.byte	-57
 256 00e3 20       		.byte	32
 257 00e4 C8       		.byte	-56
 258 00e5 23       		.byte	35
 259 00e6 C9       		.byte	-55
 260 00e7 FF       		.byte	-1
 261 00e8 CA       		.byte	-54
 262 00e9 FF       		.byte	-1
 263 00ea CB       		.byte	-53
 264 00eb FF       		.byte	-1
 265 00ec CD       		.byte	-51
 266 00ed 83       		.byte	-125
 267 00ee CE       		.byte	-50
 268 00ef 03       		.byte	3
 269 00f0 CF       		.byte	-49
 270 00f1 01       		.byte	1
 271 00f2 D0       		.byte	-48
 272 00f3 18       		.byte	24
 273 00f4 D6       		.byte	-42
 274 00f5 02       		.byte	2
 275 00f6 D7       		.byte	-41
 276 00f7 13       		.byte	19
 277 00f8 D8       		.byte	-40
 278 00f9 04       		.byte	4
 279 00fa D9       		.byte	-39
 280 00fb 04       		.byte	4
 281 00fc DA       		.byte	-38
 282 00fd 04       		.byte	4
 283 00fe DB       		.byte	-37
 284 00ff 04       		.byte	4
 285 0100 DC       		.byte	-36
ARM GAS  C:\Users\Angus\AppData\Local\Temp\cchLWIqJ.s 			page 6


 286 0101 01       		.byte	1
 287 0102 DD       		.byte	-35
 288 0103 10       		.byte	16
 289 0104 DF       		.byte	-33
 290 0105 01       		.byte	1
 291 0106 E0       		.byte	-32
 292 0107 40       		.byte	64
 293 0108 E2       		.byte	-30
 294 0109 40       		.byte	64
 295 010a E4       		.byte	-28
 296 010b 40       		.byte	64
 297 010c E5       		.byte	-27
 298 010d 40       		.byte	64
 299 010e E6       		.byte	-26
 300 010f 80       		.byte	-128
 301 0110 E8       		.byte	-24
 302 0111 80       		.byte	-128
 303 0112 EA       		.byte	-22
 304 0113 80       		.byte	-128
 305 0114 EC       		.byte	-20
 306 0115 80       		.byte	-128
 307 0116 EE       		.byte	-18
 308 0117 80       		.byte	-128
 309 0118 00       		.byte	0
 310 0119 80       		.byte	-128
 311 011a 01       		.byte	1
 312 011b 20       		.byte	32
 313 011c 04       		.byte	4
 314 011d 14       		.byte	20
 315 011e 06       		.byte	6
 316 011f 84       		.byte	-124
 317 0120 07       		.byte	7
 318 0121 01       		.byte	1
 319 0122 09       		.byte	9
 320 0123 20       		.byte	32
 321 0124 0A       		.byte	10
 322 0125 28       		.byte	40
 323 0126 0C       		.byte	12
 324 0127 10       		.byte	16
 325 0128 0E       		.byte	14
 326 0129 20       		.byte	32
 327 012a 15       		.byte	21
 328 012b 10       		.byte	16
 329 012c 17       		.byte	23
 330 012d 04       		.byte	4
 331 012e 19       		.byte	25
 332 012f 01       		.byte	1
 333 0130 1B       		.byte	27
 334 0131 80       		.byte	-128
 335 0132 1F       		.byte	31
 336 0133 04       		.byte	4
 337 0134 20       		.byte	32
 338 0135 04       		.byte	4
 339 0136 25       		.byte	37
 340 0137 10       		.byte	16
 341 0138 26       		.byte	38
 342 0139 18       		.byte	24
ARM GAS  C:\Users\Angus\AppData\Local\Temp\cchLWIqJ.s 			page 7


 343 013a 29       		.byte	41
 344 013b 80       		.byte	-128
 345 013c 2A       		.byte	42
 346 013d 80       		.byte	-128
 347 013e 2C       		.byte	44
 348 013f 10       		.byte	16
 349 0140 2D       		.byte	45
 350 0141 10       		.byte	16
 351 0142 2F       		.byte	47
 352 0143 04       		.byte	4
 353 0144 36       		.byte	54
 354 0145 10       		.byte	16
 355 0146 37       		.byte	55
 356 0147 05       		.byte	5
 357 0148 3C       		.byte	60
 358 0149 14       		.byte	20
 359 014a 3E       		.byte	62
 360 014b 80       		.byte	-128
 361 014c 40       		.byte	64
 362 014d 28       		.byte	40
 363 014e 44       		.byte	68
 364 014f 38       		.byte	56
 365 0150 46       		.byte	70
 366 0151 04       		.byte	4
 367 0152 4A       		.byte	74
 368 0153 0A       		.byte	10
 369 0154 4B       		.byte	75
 370 0155 05       		.byte	5
 371 0156 4E       		.byte	78
 372 0157 0A       		.byte	10
 373 0158 52       		.byte	82
 374 0159 02       		.byte	2
 375 015a 53       		.byte	83
 376 015b 01       		.byte	1
 377 015c 59       		.byte	89
 378 015d 01       		.byte	1
 379 015e 5D       		.byte	93
 380 015f 02       		.byte	2
 381 0160 5E       		.byte	94
 382 0161 48       		.byte	72
 383 0162 5F       		.byte	95
 384 0163 10       		.byte	16
 385 0164 61       		.byte	97
 386 0165 08       		.byte	8
 387 0166 63       		.byte	99
 388 0167 10       		.byte	16
 389 0168 68       		.byte	104
 390 0169 04       		.byte	4
 391 016a 69       		.byte	105
 392 016b 04       		.byte	4
 393 016c 6A       		.byte	106
 394 016d 80       		.byte	-128
 395 016e 70       		.byte	112
 396 016f 14       		.byte	20
 397 0170 72       		.byte	114
 398 0171 01       		.byte	1
 399 0172 92       		.byte	-110
ARM GAS  C:\Users\Angus\AppData\Local\Temp\cchLWIqJ.s 			page 8


 400 0173 48       		.byte	72
 401 0174 94       		.byte	-108
 402 0175 04       		.byte	4
 403 0176 95       		.byte	-107
 404 0177 0C       		.byte	12
 405 0178 96       		.byte	-106
 406 0179 80       		.byte	-128
 407 017a 97       		.byte	-105
 408 017b 0F       		.byte	15
 409 017c 98       		.byte	-104
 410 017d 28       		.byte	40
 411 017e 9A       		.byte	-102
 412 017f 20       		.byte	32
 413 0180 9B       		.byte	-101
 414 0181 05       		.byte	5
 415 0182 9D       		.byte	-99
 416 0183 80       		.byte	-128
 417 0184 9E       		.byte	-98
 418 0185 08       		.byte	8
 419 0186 9F       		.byte	-97
 420 0187 50       		.byte	80
 421 0188 A2       		.byte	-94
 422 0189 80       		.byte	-128
 423 018a A3       		.byte	-93
 424 018b 09       		.byte	9
 425 018c A4       		.byte	-92
 426 018d 04       		.byte	4
 427 018e A5       		.byte	-91
 428 018f 18       		.byte	24
 429 0190 A6       		.byte	-90
 430 0191 21       		.byte	33
 431 0192 B6       		.byte	-74
 432 0193 10       		.byte	16
 433 0194 B7       		.byte	-73
 434 0195 80       		.byte	-128
 435 0196 C0       		.byte	-64
 436 0197 F3       		.byte	-13
 437 0198 C2       		.byte	-62
 438 0199 66       		.byte	102
 439 019a C4       		.byte	-60
 440 019b 60       		.byte	96
 441 019c CA       		.byte	-54
 442 019d 68       		.byte	104
 443 019e CC       		.byte	-52
 444 019f E0       		.byte	-32
 445 01a0 CE       		.byte	-50
 446 01a1 70       		.byte	112
 447 01a2 D0       		.byte	-48
 448 01a3 66       		.byte	102
 449 01a4 D2       		.byte	-46
 450 01a5 3C       		.byte	60
 451 01a6 D6       		.byte	-42
 452 01a7 F1       		.byte	-15
 453 01a8 04       		.byte	4
 454 01a9 01       		.byte	1
 455 01aa 07       		.byte	7
 456 01ab 01       		.byte	1
ARM GAS  C:\Users\Angus\AppData\Local\Temp\cchLWIqJ.s 			page 9


 457 01ac 10       		.byte	16
 458 01ad 01       		.byte	1
 459 01ae 1B       		.byte	27
 460 01af 01       		.byte	1
 461 01b0 24       		.byte	36
 462 01b1 01       		.byte	1
 463 01b2 32       		.byte	50
 464 01b3 01       		.byte	1
 465 01b4 37       		.byte	55
 466 01b5 01       		.byte	1
 467 01b6 3A       		.byte	58
 468 01b7 20       		.byte	32
 469 01b8 3F       		.byte	63
 470 01b9 40       		.byte	64
 471 01ba 58       		.byte	88
 472 01bb 04       		.byte	4
 473 01bc 59       		.byte	89
 474 01bd 04       		.byte	4
 475 01be 5C       		.byte	92
 476 01bf 01       		.byte	1
 477 01c0 5F       		.byte	95
 478 01c1 01       		.byte	1
 479 01c2 80       		.byte	-128
 480 01c3 04       		.byte	4
 481 01c4 82       		.byte	-126
 482 01c5 08       		.byte	8
 483 01c6 83       		.byte	-125
 484 01c7 01       		.byte	1
 485 01c8 84       		.byte	-124
 486 01c9 20       		.byte	32
 487 01ca 87       		.byte	-121
 488 01cb 3C       		.byte	60
 489 01cc 89       		.byte	-119
 490 01cd 14       		.byte	20
 491 01ce 8A       		.byte	-118
 492 01cf 20       		.byte	32
 493 01d0 8B       		.byte	-117
 494 01d1 28       		.byte	40
 495 01d2 8C       		.byte	-116
 496 01d3 07       		.byte	7
 497 01d4 8E       		.byte	-114
 498 01d5 10       		.byte	16
 499 01d6 91       		.byte	-111
 500 01d7 14       		.byte	20
 501 01d8 92       		.byte	-110
 502 01d9 07       		.byte	7
 503 01da 93       		.byte	-109
 504 01db 28       		.byte	40
 505 01dc 95       		.byte	-107
 506 01dd 0C       		.byte	12
 507 01de 96       		.byte	-106
 508 01df 20       		.byte	32
 509 01e0 97       		.byte	-105
 510 01e1 30       		.byte	48
 511 01e2 98       		.byte	-104
 512 01e3 01       		.byte	1
 513 01e4 9A       		.byte	-102
ARM GAS  C:\Users\Angus\AppData\Local\Temp\cchLWIqJ.s 			page 10


 514 01e5 08       		.byte	8
 515 01e6 9B       		.byte	-101
 516 01e7 02       		.byte	2
 517 01e8 9C       		.byte	-100
 518 01e9 20       		.byte	32
 519 01ea 9D       		.byte	-99
 520 01eb 3C       		.byte	60
 521 01ec 9F       		.byte	-97
 522 01ed 01       		.byte	1
 523 01ee A1       		.byte	-95
 524 01ef 3C       		.byte	60
 525 01f0 A2       		.byte	-94
 526 01f1 07       		.byte	7
 527 01f2 A4       		.byte	-92
 528 01f3 02       		.byte	2
 529 01f4 A6       		.byte	-90
 530 01f5 08       		.byte	8
 531 01f6 A7       		.byte	-89
 532 01f7 3C       		.byte	60
 533 01f8 A8       		.byte	-88
 534 01f9 1F       		.byte	31
 535 01fa A9       		.byte	-87
 536 01fb 0C       		.byte	12
 537 01fc AB       		.byte	-85
 538 01fd 30       		.byte	48
 539 01fe AE       		.byte	-82
 540 01ff 20       		.byte	32
 541 0200 AF       		.byte	-81
 542 0201 02       		.byte	2
 543 0202 B0       		.byte	-80
 544 0203 20       		.byte	32
 545 0204 B3       		.byte	-77
 546 0205 3C       		.byte	60
 547 0206 B4       		.byte	-76
 548 0207 07       		.byte	7
 549 0208 B5       		.byte	-75
 550 0209 01       		.byte	1
 551 020a B6       		.byte	-74
 552 020b 18       		.byte	24
 553 020c B7       		.byte	-73
 554 020d 02       		.byte	2
 555 020e BE       		.byte	-66
 556 020f 01       		.byte	1
 557 0210 BF       		.byte	-65
 558 0211 40       		.byte	64
 559 0212 C0       		.byte	-64
 560 0213 01       		.byte	1
 561 0214 C6       		.byte	-58
 562 0215 40       		.byte	64
 563 0216 C9       		.byte	-55
 564 0217 FF       		.byte	-1
 565 0218 CA       		.byte	-54
 566 0219 07       		.byte	7
 567 021a CB       		.byte	-53
 568 021b FF       		.byte	-1
 569 021c CC       		.byte	-52
 570 021d 40       		.byte	64
ARM GAS  C:\Users\Angus\AppData\Local\Temp\cchLWIqJ.s 			page 11


 571 021e CD       		.byte	-51
 572 021f 20       		.byte	32
 573 0220 CE       		.byte	-50
 574 0221 F0       		.byte	-16
 575 0222 CF       		.byte	-49
 576 0223 05       		.byte	5
 577 0224 D0       		.byte	-48
 578 0225 08       		.byte	8
 579 0226 D2       		.byte	-46
 580 0227 83       		.byte	-125
 581 0228 D4       		.byte	-44
 582 0229 03       		.byte	3
 583 022a D6       		.byte	-42
 584 022b 04       		.byte	4
 585 022c D8       		.byte	-40
 586 022d 04       		.byte	4
 587 022e D9       		.byte	-39
 588 022f 04       		.byte	4
 589 0230 DA       		.byte	-38
 590 0231 04       		.byte	4
 591 0232 DB       		.byte	-37
 592 0233 04       		.byte	4
 593 0234 DD       		.byte	-35
 594 0235 01       		.byte	1
 595 0236 DF       		.byte	-33
 596 0237 05       		.byte	5
 597 0238 E0       		.byte	-32
 598 0239 40       		.byte	64
 599 023a E1       		.byte	-31
 600 023b A8       		.byte	-88
 601 023c E2       		.byte	-30
 602 023d 40       		.byte	64
 603 023e E3       		.byte	-29
 604 023f 20       		.byte	32
 605 0240 00       		.byte	0
 606 0241 08       		.byte	8
 607 0242 05       		.byte	5
 608 0243 40       		.byte	64
 609 0244 06       		.byte	6
 610 0245 88       		.byte	-120
 611 0246 07       		.byte	7
 612 0247 10       		.byte	16
 613 0248 08       		.byte	8
 614 0249 A0       		.byte	-96
 615 024a 09       		.byte	9
 616 024b A0       		.byte	-96
 617 024c 0A       		.byte	10
 618 024d 80       		.byte	-128
 619 024e 0C       		.byte	12
 620 024f 02       		.byte	2
 621 0250 0D       		.byte	13
 622 0251 28       		.byte	40
 623 0252 0E       		.byte	14
 624 0253 02       		.byte	2
 625 0254 11       		.byte	17
 626 0255 04       		.byte	4
 627 0256 14       		.byte	20
ARM GAS  C:\Users\Angus\AppData\Local\Temp\cchLWIqJ.s 			page 12


 628 0257 49       		.byte	73
 629 0258 17       		.byte	23
 630 0259 08       		.byte	8
 631 025a 1A       		.byte	26
 632 025b 08       		.byte	8
 633 025c 1B       		.byte	27
 634 025d 08       		.byte	8
 635 025e 1D       		.byte	29
 636 025f 60       		.byte	96
 637 0260 1E       		.byte	30
 638 0261 40       		.byte	64
 639 0262 1F       		.byte	31
 640 0263 10       		.byte	16
 641 0264 22       		.byte	34
 642 0265 80       		.byte	-128
 643 0266 25       		.byte	37
 644 0267 80       		.byte	-128
 645 0268 26       		.byte	38
 646 0269 10       		.byte	16
 647 026a 27       		.byte	39
 648 026b 28       		.byte	40
 649 026c 28       		.byte	40
 650 026d 01       		.byte	1
 651 026e 2B       		.byte	43
 652 026f 01       		.byte	1
 653 0270 2E       		.byte	46
 654 0271 80       		.byte	-128
 655 0272 2F       		.byte	47
 656 0273 95       		.byte	-107
 657 0274 32       		.byte	50
 658 0275 20       		.byte	32
 659 0276 34       		.byte	52
 660 0277 40       		.byte	64
 661 0278 35       		.byte	53
 662 0279 80       		.byte	-128
 663 027a 36       		.byte	54
 664 027b 10       		.byte	16
 665 027c 37       		.byte	55
 666 027d 05       		.byte	5
 667 027e 39       		.byte	57
 668 027f 08       		.byte	8
 669 0280 3C       		.byte	60
 670 0281 06       		.byte	6
 671 0282 3D       		.byte	61
 672 0283 20       		.byte	32
 673 0284 47       		.byte	71
 674 0285 40       		.byte	64
 675 0286 4F       		.byte	79
 676 0287 02       		.byte	2
 677 0288 56       		.byte	86
 678 0289 20       		.byte	32
 679 028a 5C       		.byte	92
 680 028b 80       		.byte	-128
 681 028c 5F       		.byte	95
 682 028d 25       		.byte	37
 683 028e 67       		.byte	103
 684 028f 40       		.byte	64
ARM GAS  C:\Users\Angus\AppData\Local\Temp\cchLWIqJ.s 			page 13


 685 0290 6F       		.byte	111
 686 0291 05       		.byte	5
 687 0292 74       		.byte	116
 688 0293 03       		.byte	3
 689 0294 7C       		.byte	124
 690 0295 08       		.byte	8
 691 0296 7E       		.byte	126
 692 0297 10       		.byte	16
 693 0298 97       		.byte	-105
 694 0299 40       		.byte	64
 695 029a C0       		.byte	-64
 696 029b F4       		.byte	-12
 697 029c C2       		.byte	-62
 698 029d F8       		.byte	-8
 699 029e C4       		.byte	-60
 700 029f F4       		.byte	-12
 701 02a0 CA       		.byte	-54
 702 02a1 F0       		.byte	-16
 703 02a2 CC       		.byte	-52
 704 02a3 F4       		.byte	-12
 705 02a4 CE       		.byte	-50
 706 02a5 E2       		.byte	-30
 707 02a6 D0       		.byte	-48
 708 02a7 10       		.byte	16
 709 02a8 D6       		.byte	-42
 710 02a9 F0       		.byte	-16
 711 02aa D8       		.byte	-40
 712 02ab 80       		.byte	-128
 713 02ac DE       		.byte	-34
 714 02ad 40       		.byte	64
 715 02ae 87       		.byte	-121
 716 02af 40       		.byte	64
 717 02b0 00       		.byte	0
 718 02b1 40       		.byte	64
 719 02b2 03       		.byte	3
 720 02b3 01       		.byte	1
 721 02b4 08       		.byte	8
 722 02b5 0A       		.byte	10
 723 02b6 0A       		.byte	10
 724 02b7 14       		.byte	20
 725 02b8 11       		.byte	17
 726 02b9 03       		.byte	3
 727 02ba 16       		.byte	22
 728 02bb 08       		.byte	8
 729 02bc 19       		.byte	25
 730 02bd 03       		.byte	3
 731 02be 1C       		.byte	28
 732 02bf 13       		.byte	19
 733 02c0 1E       		.byte	30
 734 02c1 0C       		.byte	12
 735 02c2 24       		.byte	36
 736 02c3 03       		.byte	3
 737 02c4 25       		.byte	37
 738 02c5 02       		.byte	2
 739 02c6 26       		.byte	38
 740 02c7 04       		.byte	4
 741 02c8 28       		.byte	40
ARM GAS  C:\Users\Angus\AppData\Local\Temp\cchLWIqJ.s 			page 14


 742 02c9 13       		.byte	19
 743 02ca 2A       		.byte	42
 744 02cb 04       		.byte	4
 745 02cc 2C       		.byte	44
 746 02cd 20       		.byte	32
 747 02ce 2E       		.byte	46
 748 02cf 05       		.byte	5
 749 02d0 31       		.byte	49
 750 02d1 03       		.byte	3
 751 02d2 32       		.byte	50
 752 02d3 30       		.byte	48
 753 02d4 34       		.byte	52
 754 02d5 40       		.byte	64
 755 02d6 36       		.byte	54
 756 02d7 0F       		.byte	15
 757 02d8 38       		.byte	56
 758 02d9 08       		.byte	8
 759 02da 39       		.byte	57
 760 02db 02       		.byte	2
 761 02dc 3A       		.byte	58
 762 02dd 80       		.byte	-128
 763 02de 3E       		.byte	62
 764 02df 10       		.byte	16
 765 02e0 3F       		.byte	63
 766 02e1 01       		.byte	1
 767 02e2 40       		.byte	64
 768 02e3 41       		.byte	65
 769 02e4 41       		.byte	65
 770 02e5 02       		.byte	2
 771 02e6 45       		.byte	69
 772 02e7 E0       		.byte	-32
 773 02e8 47       		.byte	71
 774 02e9 BC       		.byte	-68
 775 02ea 48       		.byte	72
 776 02eb 32       		.byte	50
 777 02ec 49       		.byte	73
 778 02ed FF       		.byte	-1
 779 02ee 4A       		.byte	74
 780 02ef FF       		.byte	-1
 781 02f0 4B       		.byte	75
 782 02f1 FF       		.byte	-1
 783 02f2 4E       		.byte	78
 784 02f3 F0       		.byte	-16
 785 02f4 4F       		.byte	79
 786 02f5 44       		.byte	68
 787 02f6 50       		.byte	80
 788 02f7 0C       		.byte	12
 789 02f8 58       		.byte	88
 790 02f9 04       		.byte	4
 791 02fa 59       		.byte	89
 792 02fb 04       		.byte	4
 793 02fc 5A       		.byte	90
 794 02fd 04       		.byte	4
 795 02fe 5C       		.byte	92
 796 02ff 01       		.byte	1
 797 0300 5D       		.byte	93
 798 0301 01       		.byte	1
ARM GAS  C:\Users\Angus\AppData\Local\Temp\cchLWIqJ.s 			page 15


 799 0302 5F       		.byte	95
 800 0303 01       		.byte	1
 801 0304 66       		.byte	102
 802 0305 C0       		.byte	-64
 803 0306 6A       		.byte	106
 804 0307 40       		.byte	64
 805 0308 6B       		.byte	107
 806 0309 02       		.byte	2
 807 030a 80       		.byte	-128
 808 030b 22       		.byte	34
 809 030c 82       		.byte	-126
 810 030d D1       		.byte	-47
 811 030e 84       		.byte	-124
 812 030f 67       		.byte	103
 813 0310 85       		.byte	-123
 814 0311 06       		.byte	6
 815 0312 89       		.byte	-119
 816 0313 02       		.byte	2
 817 0314 8C       		.byte	-116
 818 0315 44       		.byte	68
 819 0316 8D       		.byte	-115
 820 0317 01       		.byte	1
 821 0318 8E       		.byte	-114
 822 0319 31       		.byte	49
 823 031a 8F       		.byte	-113
 824 031b 06       		.byte	6
 825 031c 91       		.byte	-111
 826 031d 04       		.byte	4
 827 031e 97       		.byte	-105
 828 031f 01       		.byte	1
 829 0320 98       		.byte	-104
 830 0321 01       		.byte	1
 831 0322 99       		.byte	-103
 832 0323 07       		.byte	7
 833 0324 9A       		.byte	-102
 834 0325 0E       		.byte	14
 835 0326 9F       		.byte	-97
 836 0327 08       		.byte	8
 837 0328 A3       		.byte	-93
 838 0329 08       		.byte	8
 839 032a A4       		.byte	-92
 840 032b 67       		.byte	103
 841 032c A5       		.byte	-91
 842 032d 06       		.byte	6
 843 032e A7       		.byte	-89
 844 032f 01       		.byte	1
 845 0330 A9       		.byte	-87
 846 0331 07       		.byte	7
 847 0332 B0       		.byte	-80
 848 0333 60       		.byte	96
 849 0334 B2       		.byte	-78
 850 0335 80       		.byte	-128
 851 0336 B3       		.byte	-77
 852 0337 07       		.byte	7
 853 0338 B4       		.byte	-76
 854 0339 07       		.byte	7
 855 033a B5       		.byte	-75
ARM GAS  C:\Users\Angus\AppData\Local\Temp\cchLWIqJ.s 			page 16


 856 033b 08       		.byte	8
 857 033c B6       		.byte	-74
 858 033d 18       		.byte	24
 859 033e BE       		.byte	-66
 860 033f 40       		.byte	64
 861 0340 BF       		.byte	-65
 862 0341 10       		.byte	16
 863 0342 C0       		.byte	-64
 864 0343 43       		.byte	67
 865 0344 C1       		.byte	-63
 866 0345 02       		.byte	2
 867 0346 C2       		.byte	-62
 868 0347 06       		.byte	6
 869 0348 C4       		.byte	-60
 870 0349 01       		.byte	1
 871 034a C5       		.byte	-59
 872 034b E0       		.byte	-32
 873 034c C6       		.byte	-58
 874 034d C0       		.byte	-64
 875 034e C8       		.byte	-56
 876 034f 0A       		.byte	10
 877 0350 C9       		.byte	-55
 878 0351 FF       		.byte	-1
 879 0352 CA       		.byte	-54
 880 0353 FF       		.byte	-1
 881 0354 CB       		.byte	-53
 882 0355 FF       		.byte	-1
 883 0356 CC       		.byte	-52
 884 0357 62       		.byte	98
 885 0358 CD       		.byte	-51
 886 0359 A0       		.byte	-96
 887 035a CE       		.byte	-50
 888 035b F0       		.byte	-16
 889 035c CF       		.byte	-49
 890 035d 41       		.byte	65
 891 035e D0       		.byte	-48
 892 035f 0C       		.byte	12
 893 0360 D8       		.byte	-40
 894 0361 04       		.byte	4
 895 0362 D9       		.byte	-39
 896 0363 04       		.byte	4
 897 0364 DA       		.byte	-38
 898 0365 04       		.byte	4
 899 0366 DC       		.byte	-36
 900 0367 11       		.byte	17
 901 0368 DD       		.byte	-35
 902 0369 01       		.byte	1
 903 036a DF       		.byte	-33
 904 036b 01       		.byte	1
 905 036c E6       		.byte	-26
 906 036d 40       		.byte	64
 907 036e E7       		.byte	-25
 908 036f 02       		.byte	2
 909 0370 E9       		.byte	-23
 910 0371 10       		.byte	16
 911 0372 EA       		.byte	-22
 912 0373 30       		.byte	48
ARM GAS  C:\Users\Angus\AppData\Local\Temp\cchLWIqJ.s 			page 17


 913 0374 EB       		.byte	-21
 914 0375 10       		.byte	16
 915 0376 ED       		.byte	-19
 916 0377 10       		.byte	16
 917 0378 EE       		.byte	-18
 918 0379 10       		.byte	16
 919 037a EF       		.byte	-17
 920 037b 12       		.byte	18
 921 037c 00       		.byte	0
 922 037d 4A       		.byte	74
 923 037e 05       		.byte	5
 924 037f 02       		.byte	2
 925 0380 06       		.byte	6
 926 0381 08       		.byte	8
 927 0382 08       		.byte	8
 928 0383 20       		.byte	32
 929 0384 0A       		.byte	10
 930 0385 07       		.byte	7
 931 0386 0E       		.byte	14
 932 0387 22       		.byte	34
 933 0388 11       		.byte	17
 934 0389 04       		.byte	4
 935 038a 16       		.byte	22
 936 038b 02       		.byte	2
 937 038c 17       		.byte	23
 938 038d 14       		.byte	20
 939 038e 18       		.byte	24
 940 038f 41       		.byte	65
 941 0390 19       		.byte	25
 942 0391 08       		.byte	8
 943 0392 1A       		.byte	26
 944 0393 04       		.byte	4
 945 0394 1E       		.byte	30
 946 0395 2A       		.byte	42
 947 0396 20       		.byte	32
 948 0397 04       		.byte	4
 949 0398 21       		.byte	33
 950 0399 04       		.byte	4
 951 039a 22       		.byte	34
 952 039b 08       		.byte	8
 953 039c 27       		.byte	39
 954 039d 40       		.byte	64
 955 039e 28       		.byte	40
 956 039f 10       		.byte	16
 957 03a0 29       		.byte	41
 958 03a1 20       		.byte	32
 959 03a2 2B       		.byte	43
 960 03a3 80       		.byte	-128
 961 03a4 2E       		.byte	46
 962 03a5 08       		.byte	8
 963 03a6 2F       		.byte	47
 964 03a7 10       		.byte	16
 965 03a8 30       		.byte	48
 966 03a9 80       		.byte	-128
 967 03aa 31       		.byte	49
 968 03ab 20       		.byte	32
 969 03ac 32       		.byte	50
ARM GAS  C:\Users\Angus\AppData\Local\Temp\cchLWIqJ.s 			page 18


 970 03ad 01       		.byte	1
 971 03ae 33       		.byte	51
 972 03af 08       		.byte	8
 973 03b0 36       		.byte	54
 974 03b1 01       		.byte	1
 975 03b2 37       		.byte	55
 976 03b3 12       		.byte	18
 977 03b4 38       		.byte	56
 978 03b5 28       		.byte	40
 979 03b6 3A       		.byte	58
 980 03b7 80       		.byte	-128
 981 03b8 3E       		.byte	62
 982 03b9 02       		.byte	2
 983 03ba 3F       		.byte	63
 984 03bb 02       		.byte	2
 985 03bc 40       		.byte	64
 986 03bd 01       		.byte	1
 987 03be 41       		.byte	65
 988 03bf 21       		.byte	33
 989 03c0 42       		.byte	66
 990 03c1 80       		.byte	-128
 991 03c2 43       		.byte	67
 992 03c3 08       		.byte	8
 993 03c4 45       		.byte	69
 994 03c5 08       		.byte	8
 995 03c6 46       		.byte	70
 996 03c7 02       		.byte	2
 997 03c8 47       		.byte	71
 998 03c9 16       		.byte	22
 999 03ca 48       		.byte	72
 1000 03cb 80       		.byte	-128
 1001 03cc 4A       		.byte	74
 1002 03cd 08       		.byte	8
 1003 03ce 4D       		.byte	77
 1004 03cf 02       		.byte	2
 1005 03d0 52       		.byte	82
 1006 03d1 20       		.byte	32
 1007 03d2 55       		.byte	85
 1008 03d3 08       		.byte	8
 1009 03d4 57       		.byte	87
 1010 03d5 02       		.byte	2
 1011 03d6 58       		.byte	88
 1012 03d7 10       		.byte	16
 1013 03d8 5A       		.byte	90
 1014 03d9 20       		.byte	32
 1015 03da 88       		.byte	-120
 1016 03db 02       		.byte	2
 1017 03dc 89       		.byte	-119
 1018 03dd 21       		.byte	33
 1019 03de 8B       		.byte	-117
 1020 03df 08       		.byte	8
 1021 03e0 90       		.byte	-112
 1022 03e1 28       		.byte	40
 1023 03e2 91       		.byte	-111
 1024 03e3 04       		.byte	4
 1025 03e4 92       		.byte	-110
 1026 03e5 01       		.byte	1
ARM GAS  C:\Users\Angus\AppData\Local\Temp\cchLWIqJ.s 			page 19


 1027 03e6 95       		.byte	-107
 1028 03e7 08       		.byte	8
 1029 03e8 96       		.byte	-106
 1030 03e9 20       		.byte	32
 1031 03ea 9A       		.byte	-102
 1032 03eb 20       		.byte	32
 1033 03ec 9D       		.byte	-99
 1034 03ed 22       		.byte	34
 1035 03ee 9E       		.byte	-98
 1036 03ef 08       		.byte	8
 1037 03f0 9F       		.byte	-97
 1038 03f1 50       		.byte	80
 1039 03f2 A0       		.byte	-96
 1040 03f3 04       		.byte	4
 1041 03f4 A1       		.byte	-95
 1042 03f5 20       		.byte	32
 1043 03f6 A2       		.byte	-94
 1044 03f7 80       		.byte	-128
 1045 03f8 A3       		.byte	-93
 1046 03f9 89       		.byte	-119
 1047 03fa A4       		.byte	-92
 1048 03fb 40       		.byte	64
 1049 03fc A5       		.byte	-91
 1050 03fd 08       		.byte	8
 1051 03fe A6       		.byte	-90
 1052 03ff 25       		.byte	37
 1053 0400 AA       		.byte	-86
 1054 0401 80       		.byte	-128
 1055 0402 C0       		.byte	-64
 1056 0403 5D       		.byte	93
 1057 0404 C2       		.byte	-62
 1058 0405 A2       		.byte	-94
 1059 0406 C4       		.byte	-60
 1060 0407 E4       		.byte	-28
 1061 0408 CA       		.byte	-54
 1062 0409 47       		.byte	71
 1063 040a CC       		.byte	-52
 1064 040b AF       		.byte	-81
 1065 040c CE       		.byte	-50
 1066 040d 8E       		.byte	-114
 1067 040e D0       		.byte	-48
 1068 040f BF       		.byte	-65
 1069 0410 D2       		.byte	-46
 1070 0411 04       		.byte	4
 1071 0412 EA       		.byte	-22
 1072 0413 01       		.byte	1
 1073 0414 00       		.byte	0
 1074 0415 44       		.byte	68
 1075 0416 01       		.byte	1
 1076 0417 0F       		.byte	15
 1077 0418 05       		.byte	5
 1078 0419 0C       		.byte	12
 1079 041a 06       		.byte	6
 1080 041b 04       		.byte	4
 1081 041c 08       		.byte	8
 1082 041d 1C       		.byte	28
 1083 041e 09       		.byte	9
ARM GAS  C:\Users\Angus\AppData\Local\Temp\cchLWIqJ.s 			page 20


 1084 041f 04       		.byte	4
 1085 0420 0A       		.byte	10
 1086 0421 E2       		.byte	-30
 1087 0422 0C       		.byte	12
 1088 0423 80       		.byte	-128
 1089 0424 0D       		.byte	13
 1090 0425 02       		.byte	2
 1091 0426 11       		.byte	17
 1092 0427 03       		.byte	3
 1093 0428 12       		.byte	18
 1094 0429 E3       		.byte	-29
 1095 042a 13       		.byte	19
 1096 042b 0C       		.byte	12
 1097 042c 14       		.byte	20
 1098 042d 1C       		.byte	28
 1099 042e 15       		.byte	21
 1100 042f 10       		.byte	16
 1101 0430 16       		.byte	22
 1102 0431 E1       		.byte	-31
 1103 0432 18       		.byte	24
 1104 0433 C0       		.byte	-64
 1105 0434 19       		.byte	25
 1106 0435 0F       		.byte	15
 1107 0436 1C       		.byte	28
 1108 0437 10       		.byte	16
 1109 0438 1D       		.byte	29
 1110 0439 08       		.byte	8
 1111 043a 20       		.byte	32
 1112 043b FF       		.byte	-1
 1113 043c 21       		.byte	33
 1114 043d 01       		.byte	1
 1115 043e 24       		.byte	36
 1116 043f 08       		.byte	8
 1117 0440 25       		.byte	37
 1118 0441 03       		.byte	3
 1119 0442 28       		.byte	40
 1120 0443 18       		.byte	24
 1121 0444 29       		.byte	41
 1122 0445 0C       		.byte	12
 1123 0446 2B       		.byte	43
 1124 0447 03       		.byte	3
 1125 0448 2C       		.byte	44
 1126 0449 E7       		.byte	-25
 1127 044a 2E       		.byte	46
 1128 044b 18       		.byte	24
 1129 044c 2F       		.byte	47
 1130 044d 03       		.byte	3
 1131 044e 30       		.byte	48
 1132 044f C0       		.byte	-64
 1133 0450 31       		.byte	49
 1134 0451 0F       		.byte	15
 1135 0452 32       		.byte	50
 1136 0453 38       		.byte	56
 1137 0454 33       		.byte	51
 1138 0455 10       		.byte	16
 1139 0456 34       		.byte	52
 1140 0457 1F       		.byte	31
ARM GAS  C:\Users\Angus\AppData\Local\Temp\cchLWIqJ.s 			page 21


 1141 0458 3A       		.byte	58
 1142 0459 28       		.byte	40
 1143 045a 3B       		.byte	59
 1144 045b 02       		.byte	2
 1145 045c 3F       		.byte	63
 1146 045d 04       		.byte	4
 1147 045e 54       		.byte	84
 1148 045f 18       		.byte	24
 1149 0460 58       		.byte	88
 1150 0461 04       		.byte	4
 1151 0462 59       		.byte	89
 1152 0463 04       		.byte	4
 1153 0464 5B       		.byte	91
 1154 0465 04       		.byte	4
 1155 0466 5C       		.byte	92
 1156 0467 11       		.byte	17
 1157 0468 5D       		.byte	93
 1158 0469 10       		.byte	16
 1159 046a 5F       		.byte	95
 1160 046b 01       		.byte	1
 1161 046c 83       		.byte	-125
 1162 046d 20       		.byte	32
 1163 046e 84       		.byte	-124
 1164 046f 01       		.byte	1
 1165 0470 86       		.byte	-122
 1166 0471 0E       		.byte	14
 1167 0472 8B       		.byte	-117
 1168 0473 03       		.byte	3
 1169 0474 91       		.byte	-111
 1170 0475 10       		.byte	16
 1171 0476 93       		.byte	-109
 1172 0477 AC       		.byte	-84
 1173 0478 95       		.byte	-107
 1174 0479 09       		.byte	9
 1175 047a 96       		.byte	-106
 1176 047b 0C       		.byte	12
 1177 047c 97       		.byte	-105
 1178 047d D0       		.byte	-48
 1179 047e 98       		.byte	-104
 1180 047f 0C       		.byte	12
 1181 0480 99       		.byte	-103
 1182 0481 0C       		.byte	12
 1183 0482 9A       		.byte	-102
 1184 0483 03       		.byte	3
 1185 0484 9B       		.byte	-101
 1186 0485 71       		.byte	113
 1187 0486 9C       		.byte	-100
 1188 0487 01       		.byte	1
 1189 0488 9E       		.byte	-98
 1190 0489 06       		.byte	6
 1191 048a A5       		.byte	-91
 1192 048b DC       		.byte	-36
 1193 048c A6       		.byte	-90
 1194 048d 08       		.byte	8
 1195 048e A7       		.byte	-89
 1196 048f 22       		.byte	34
 1197 0490 A9       		.byte	-87
ARM GAS  C:\Users\Angus\AppData\Local\Temp\cchLWIqJ.s 			page 22


 1198 0491 10       		.byte	16
 1199 0492 AB       		.byte	-85
 1200 0493 40       		.byte	64
 1201 0494 AD       		.byte	-83
 1202 0495 14       		.byte	20
 1203 0496 AE       		.byte	-82
 1204 0497 03       		.byte	3
 1205 0498 B3       		.byte	-77
 1206 0499 E0       		.byte	-32
 1207 049a B4       		.byte	-76
 1208 049b 0F       		.byte	15
 1209 049c B5       		.byte	-75
 1210 049d 1F       		.byte	31
 1211 049e BA       		.byte	-70
 1212 049f 20       		.byte	32
 1213 04a0 BB       		.byte	-69
 1214 04a1 08       		.byte	8
 1215 04a2 D8       		.byte	-40
 1216 04a3 04       		.byte	4
 1217 04a4 D9       		.byte	-39
 1218 04a5 04       		.byte	4
 1219 04a6 DC       		.byte	-36
 1220 04a7 11       		.byte	17
 1221 04a8 DF       		.byte	-33
 1222 04a9 01       		.byte	1
 1223 04aa 00       		.byte	0
 1224 04ab 42       		.byte	66
 1225 04ac 01       		.byte	1
 1226 04ad 28       		.byte	40
 1227 04ae 07       		.byte	7
 1228 04af 10       		.byte	16
 1229 04b0 08       		.byte	8
 1230 04b1 22       		.byte	34
 1231 04b2 09       		.byte	9
 1232 04b3 80       		.byte	-128
 1233 04b4 0A       		.byte	10
 1234 04b5 21       		.byte	33
 1235 04b6 0C       		.byte	12
 1236 04b7 04       		.byte	4
 1237 04b8 0E       		.byte	14
 1238 04b9 2A       		.byte	42
 1239 04ba 11       		.byte	17
 1240 04bb 01       		.byte	1
 1241 04bc 12       		.byte	18
 1242 04bd 16       		.byte	22
 1243 04be 16       		.byte	22
 1244 04bf 22       		.byte	34
 1245 04c0 19       		.byte	25
 1246 04c1 21       		.byte	33
 1247 04c2 1A       		.byte	26
 1248 04c3 20       		.byte	32
 1249 04c4 1E       		.byte	30
 1250 04c5 08       		.byte	8
 1251 04c6 1F       		.byte	31
 1252 04c7 10       		.byte	16
 1253 04c8 20       		.byte	32
 1254 04c9 80       		.byte	-128
ARM GAS  C:\Users\Angus\AppData\Local\Temp\cchLWIqJ.s 			page 23


 1255 04ca 21       		.byte	33
 1256 04cb 0B       		.byte	11
 1257 04cc 22       		.byte	34
 1258 04cd 02       		.byte	2
 1259 04ce 25       		.byte	37
 1260 04cf 10       		.byte	16
 1261 04d0 27       		.byte	39
 1262 04d1 14       		.byte	20
 1263 04d2 28       		.byte	40
 1264 04d3 22       		.byte	34
 1265 04d4 29       		.byte	41
 1266 04d5 20       		.byte	32
 1267 04d6 2B       		.byte	43
 1268 04d7 80       		.byte	-128
 1269 04d8 2E       		.byte	46
 1270 04d9 20       		.byte	32
 1271 04da 2F       		.byte	47
 1272 04db 12       		.byte	18
 1273 04dc 31       		.byte	49
 1274 04dd A2       		.byte	-94
 1275 04de 33       		.byte	51
 1276 04df 04       		.byte	4
 1277 04e0 34       		.byte	52
 1278 04e1 04       		.byte	4
 1279 04e2 36       		.byte	54
 1280 04e3 01       		.byte	1
 1281 04e4 37       		.byte	55
 1282 04e5 10       		.byte	16
 1283 04e6 38       		.byte	56
 1284 04e7 6A       		.byte	106
 1285 04e8 3A       		.byte	58
 1286 04e9 14       		.byte	20
 1287 04ea 3D       		.byte	61
 1288 04eb 20       		.byte	32
 1289 04ec 3E       		.byte	62
 1290 04ed 02       		.byte	2
 1291 04ee 59       		.byte	89
 1292 04ef 01       		.byte	1
 1293 04f0 60       		.byte	96
 1294 04f1 04       		.byte	4
 1295 04f2 62       		.byte	98
 1296 04f3 80       		.byte	-128
 1297 04f4 85       		.byte	-123
 1298 04f5 08       		.byte	8
 1299 04f6 88       		.byte	-120
 1300 04f7 01       		.byte	1
 1301 04f8 8B       		.byte	-117
 1302 04f9 80       		.byte	-128
 1303 04fa 8C       		.byte	-116
 1304 04fb 01       		.byte	1
 1305 04fc 8E       		.byte	-114
 1306 04fd 10       		.byte	16
 1307 04fe 90       		.byte	-112
 1308 04ff 6C       		.byte	108
 1309 0500 91       		.byte	-111
 1310 0501 01       		.byte	1
 1311 0502 92       		.byte	-110
ARM GAS  C:\Users\Angus\AppData\Local\Temp\cchLWIqJ.s 			page 24


 1312 0503 01       		.byte	1
 1313 0504 95       		.byte	-107
 1314 0505 02       		.byte	2
 1315 0506 96       		.byte	-106
 1316 0507 20       		.byte	32
 1317 0508 97       		.byte	-105
 1318 0509 20       		.byte	32
 1319 050a 98       		.byte	-104
 1320 050b 22       		.byte	34
 1321 050c 99       		.byte	-103
 1322 050d 08       		.byte	8
 1323 050e 9A       		.byte	-102
 1324 050f 22       		.byte	34
 1325 0510 9D       		.byte	-99
 1326 0511 20       		.byte	32
 1327 0512 9F       		.byte	-97
 1328 0513 10       		.byte	16
 1329 0514 A1       		.byte	-95
 1330 0515 20       		.byte	32
 1331 0516 A2       		.byte	-94
 1332 0517 91       		.byte	-111
 1333 0518 A3       		.byte	-93
 1334 0519 02       		.byte	2
 1335 051a A4       		.byte	-92
 1336 051b 41       		.byte	65
 1337 051c C0       		.byte	-64
 1338 051d 2F       		.byte	47
 1339 051e C2       		.byte	-62
 1340 051f EF       		.byte	-17
 1341 0520 C4       		.byte	-60
 1342 0521 AF       		.byte	-81
 1343 0522 CA       		.byte	-54
 1344 0523 7F       		.byte	127
 1345 0524 CC       		.byte	-52
 1346 0525 EF       		.byte	-17
 1347 0526 CE       		.byte	-50
 1348 0527 AF       		.byte	-81
 1349 0528 D6       		.byte	-42
 1350 0529 01       		.byte	1
 1351 052a D8       		.byte	-40
 1352 052b 0C       		.byte	12
 1353 052c E0       		.byte	-32
 1354 052d 02       		.byte	2
 1355 052e 30       		.byte	48
 1356 052f 10       		.byte	16
 1357 0530 CC       		.byte	-52
 1358 0531 10       		.byte	16
 1359 0532 84       		.byte	-124
 1360 0533 10       		.byte	16
 1361 0534 9C       		.byte	-100
 1362 0535 10       		.byte	16
 1363 0536 E6       		.byte	-26
 1364 0537 40       		.byte	64
 1365 0538 97       		.byte	-105
 1366 0539 02       		.byte	2
 1367 053a B7       		.byte	-73
 1368 053b 01       		.byte	1
ARM GAS  C:\Users\Angus\AppData\Local\Temp\cchLWIqJ.s 			page 25


 1369 053c EA       		.byte	-22
 1370 053d 02       		.byte	2
 1371 053e 0B       		.byte	11
 1372 053f 02       		.byte	2
 1373 0540 0D       		.byte	13
 1374 0541 40       		.byte	64
 1375 0542 95       		.byte	-107
 1376 0543 80       		.byte	-128
 1377 0544 97       		.byte	-105
 1378 0545 02       		.byte	2
 1379 0546 A9       		.byte	-87
 1380 0547 40       		.byte	64
 1381 0548 C2       		.byte	-62
 1382 0549 03       		.byte	3
 1383 054a 10       		.byte	16
 1384 054b 40       		.byte	64
 1385 054c 71       		.byte	113
 1386 054d 02       		.byte	2
 1387 054e 85       		.byte	-123
 1388 054f 02       		.byte	2
 1389 0550 88       		.byte	-120
 1390 0551 40       		.byte	64
 1391 0552 C4       		.byte	-60
 1392 0553 08       		.byte	8
 1393 0554 DC       		.byte	-36
 1394 0555 01       		.byte	1
 1395 0556 E2       		.byte	-30
 1396 0557 01       		.byte	1
 1397 0558 00       		.byte	0
 1398 0559 03       		.byte	3
 1399 055a 0C       		.byte	12
 1400 055b 03       		.byte	3
 1401 055c 10       		.byte	16
 1402 055d 02       		.byte	2
 1403 055e 11       		.byte	17
 1404 055f 01       		.byte	1
 1405 0560 1C       		.byte	28
 1406 0561 02       		.byte	2
 1407 0562 1D       		.byte	29
 1408 0563 01       		.byte	1
 1409 0564 00       		.byte	0
 1410 0565 03       		.byte	3
 1411 0566 00       		.byte	0
 1412 0567 00       		.byte	0
 1413 0568 80       		.byte	-128
 1414 0569 00       		.byte	0
 1415 056a 40       		.byte	64
 1416 056b 80       		.byte	-128
 1417 056c 80       		.byte	-128
 1418 056d 00       		.byte	0
 1419 056e 80       		.byte	-128
 1420 056f 00       		.byte	0
 1421 0570 00       		.byte	0
 1422 0571 00       		.byte	0
 1423 0572 00       		.byte	0
 1424 0573 00       		.byte	0
 1425 0574 80       		.byte	-128
ARM GAS  C:\Users\Angus\AppData\Local\Temp\cchLWIqJ.s 			page 26


 1426 0575 4B       		.byte	75
 1427 0576 4B       		.byte	75
 1428 0577 00       		.byte	0
 1429 0578 00       		.byte	0
 1430 0579 00       		.byte	0
 1431 057a 00       		.byte	0
 1432 057b 00       		.byte	0
 1433 057c 00       		.byte	0
 1434 057d 02       		.byte	2
 1435 057e 02       		.byte	2
 1436 057f 00       		.byte	0
 1437 0580 00       		.byte	0
 1438 0581 00       		.byte	0
 1439 0582 00       		.byte	0
 1440 0583 00       		.byte	0
 1441              		.section	.cywolatch,"a",%progbits
 1442              		.align	2
 1443              		.type	cy_meta_wonvl, %object
 1444              		.size	cy_meta_wonvl, 4
 1445              	cy_meta_wonvl:
 1446 0000 BC       		.byte	-68
 1447 0001 90       		.byte	-112
 1448 0002 AC       		.byte	-84
 1449 0003 AF       		.byte	-81
 1450              		.section	.cycustnvl,"a",%progbits
 1451              		.align	2
 1452              		.type	cy_meta_custnvl, %object
 1453              		.size	cy_meta_custnvl, 4
 1454              	cy_meta_custnvl:
 1455 0000 00       		.byte	0
 1456 0001 00       		.byte	0
 1457 0002 40       		.byte	64
 1458 0003 05       		.byte	5
 1459              		.section	.cymeta,"a",%progbits
 1460              		.align	2
 1461              		.type	cy_metadata, %object
 1462              		.size	cy_metadata, 12
 1463              	cy_metadata:
 1464 0000 00       		.byte	0
 1465 0001 01       		.byte	1
 1466 0002 2E       		.byte	46
 1467 0003 16       		.byte	22
 1468 0004 10       		.byte	16
 1469 0005 69       		.byte	105
 1470 0006 00       		.byte	0
 1471 0007 01       		.byte	1
 1472 0008 00       		.byte	0
 1473 0009 00       		.byte	0
 1474 000a 00       		.byte	0
 1475 000b 00       		.byte	0
 1476              		.section	.cyflashprotect,"a",%progbits
 1477              		.align	2
 1478              		.type	cy_meta_flashprotect, %object
 1479              		.size	cy_meta_flashprotect, 256
 1480              	cy_meta_flashprotect:
 1481 0000 00000000 		.space	256
 1481      00000000 
ARM GAS  C:\Users\Angus\AppData\Local\Temp\cchLWIqJ.s 			page 27


 1481      00000000 
 1481      00000000 
 1481      00000000 
 1482              		.text
 1483              	.Letext0:
 1484              		.file 1 "c:\\program files (x86)\\cypress\\psoc creator\\4.1\\psoc creator\\import\\gnu\\arm\\5.4.
 1485              		.file 2 "c:\\program files (x86)\\cypress\\psoc creator\\4.1\\psoc creator\\import\\gnu\\arm\\5.4.
 1486              		.file 3 "Generated_Source\\PSoC5\\cymetadata.c"
 1487              		.section	.debug_info,"",%progbits
 1488              	.Ldebug_info0:
 1489 0000 32010000 		.4byte	0x132
 1490 0004 0400     		.2byte	0x4
 1491 0006 00000000 		.4byte	.Ldebug_abbrev0
 1492 000a 04       		.byte	0x4
 1493 000b 01       		.uleb128 0x1
 1494 000c 24000000 		.4byte	.LASF17
 1495 0010 0C       		.byte	0xc
 1496 0011 C7010000 		.4byte	.LASF18
 1497 0015 5F010000 		.4byte	.LASF19
 1498 0019 00000000 		.4byte	.Ldebug_line0
 1499 001d 02       		.uleb128 0x2
 1500 001e 01       		.byte	0x1
 1501 001f 06       		.byte	0x6
 1502 0020 BB010000 		.4byte	.LASF0
 1503 0024 03       		.uleb128 0x3
 1504 0025 00000000 		.4byte	.LASF9
 1505 0029 01       		.byte	0x1
 1506 002a 1D       		.byte	0x1d
 1507 002b 2F000000 		.4byte	0x2f
 1508 002f 02       		.uleb128 0x2
 1509 0030 01       		.byte	0x1
 1510 0031 08       		.byte	0x8
 1511 0032 16000000 		.4byte	.LASF1
 1512 0036 02       		.uleb128 0x2
 1513 0037 02       		.byte	0x2
 1514 0038 05       		.byte	0x5
 1515 0039 A8010000 		.4byte	.LASF2
 1516 003d 02       		.uleb128 0x2
 1517 003e 02       		.byte	0x2
 1518 003f 07       		.byte	0x7
 1519 0040 C4000000 		.4byte	.LASF3
 1520 0044 02       		.uleb128 0x2
 1521 0045 04       		.byte	0x4
 1522 0046 05       		.byte	0x5
 1523 0047 B2010000 		.4byte	.LASF4
 1524 004b 02       		.uleb128 0x2
 1525 004c 04       		.byte	0x4
 1526 004d 07       		.byte	0x7
 1527 004e B2000000 		.4byte	.LASF5
 1528 0052 02       		.uleb128 0x2
 1529 0053 08       		.byte	0x8
 1530 0054 05       		.byte	0x5
 1531 0055 51010000 		.4byte	.LASF6
 1532 0059 02       		.uleb128 0x2
 1533 005a 08       		.byte	0x8
 1534 005b 07       		.byte	0x7
 1535 005c 06010000 		.4byte	.LASF7
ARM GAS  C:\Users\Angus\AppData\Local\Temp\cchLWIqJ.s 			page 28


 1536 0060 04       		.uleb128 0x4
 1537 0061 04       		.byte	0x4
 1538 0062 05       		.byte	0x5
 1539 0063 696E7400 		.ascii	"int\000"
 1540 0067 02       		.uleb128 0x2
 1541 0068 04       		.byte	0x4
 1542 0069 07       		.byte	0x7
 1543 006a F9000000 		.4byte	.LASF8
 1544 006e 03       		.uleb128 0x3
 1545 006f 1D010000 		.4byte	.LASF10
 1546 0073 02       		.byte	0x2
 1547 0074 18       		.byte	0x18
 1548 0075 24000000 		.4byte	0x24
 1549 0079 05       		.uleb128 0x5
 1550 007a 91000000 		.4byte	0x91
 1551 007e 8A000000 		.4byte	0x8a
 1552 0082 06       		.uleb128 0x6
 1553 0083 8A000000 		.4byte	0x8a
 1554 0087 8305     		.2byte	0x583
 1555 0089 00       		.byte	0
 1556 008a 02       		.uleb128 0x2
 1557 008b 04       		.byte	0x4
 1558 008c 07       		.byte	0x7
 1559 008d 48010000 		.4byte	.LASF11
 1560 0091 07       		.uleb128 0x7
 1561 0092 6E000000 		.4byte	0x6e
 1562 0096 08       		.uleb128 0x8
 1563 0097 E7000000 		.4byte	.LASF12
 1564 009b 03       		.byte	0x3
 1565 009c 1F       		.byte	0x1f
 1566 009d A7000000 		.4byte	0xa7
 1567 00a1 05       		.uleb128 0x5
 1568 00a2 03       		.byte	0x3
 1569 00a3 00000000 		.4byte	cy_meta_configecc
 1570 00a7 07       		.uleb128 0x7
 1571 00a8 79000000 		.4byte	0x79
 1572 00ac 05       		.uleb128 0x5
 1573 00ad 91000000 		.4byte	0x91
 1574 00b1 BC000000 		.4byte	0xbc
 1575 00b5 09       		.uleb128 0x9
 1576 00b6 8A000000 		.4byte	0x8a
 1577 00ba 03       		.byte	0x3
 1578 00bb 00       		.byte	0
 1579 00bc 08       		.uleb128 0x8
 1580 00bd D7000000 		.4byte	.LASF13
 1581 00c1 03       		.byte	0x3
 1582 00c2 DD       		.byte	0xdd
 1583 00c3 CD000000 		.4byte	0xcd
 1584 00c7 05       		.uleb128 0x5
 1585 00c8 03       		.byte	0x3
 1586 00c9 00000000 		.4byte	cy_meta_custnvl
 1587 00cd 07       		.uleb128 0x7
 1588 00ce AC000000 		.4byte	0xac
 1589 00d2 08       		.uleb128 0x8
 1590 00d3 3A010000 		.4byte	.LASF14
 1591 00d7 03       		.byte	0x3
 1592 00d8 EB       		.byte	0xeb
ARM GAS  C:\Users\Angus\AppData\Local\Temp\cchLWIqJ.s 			page 29


 1593 00d9 E3000000 		.4byte	0xe3
 1594 00dd 05       		.uleb128 0x5
 1595 00de 03       		.byte	0x3
 1596 00df 00000000 		.4byte	cy_meta_wonvl
 1597 00e3 07       		.uleb128 0x7
 1598 00e4 AC000000 		.4byte	0xac
 1599 00e8 05       		.uleb128 0x5
 1600 00e9 91000000 		.4byte	0x91
 1601 00ed F8000000 		.4byte	0xf8
 1602 00f1 09       		.uleb128 0x9
 1603 00f2 8A000000 		.4byte	0x8a
 1604 00f6 FF       		.byte	0xff
 1605 00f7 00       		.byte	0
 1606 00f8 08       		.uleb128 0x8
 1607 00f9 25010000 		.4byte	.LASF15
 1608 00fd 03       		.byte	0x3
 1609 00fe F9       		.byte	0xf9
 1610 00ff 09010000 		.4byte	0x109
 1611 0103 05       		.uleb128 0x5
 1612 0104 03       		.byte	0x3
 1613 0105 00000000 		.4byte	cy_meta_flashprotect
 1614 0109 07       		.uleb128 0x7
 1615 010a E8000000 		.4byte	0xe8
 1616 010e 05       		.uleb128 0x5
 1617 010f 91000000 		.4byte	0x91
 1618 0113 1E010000 		.4byte	0x11e
 1619 0117 09       		.uleb128 0x9
 1620 0118 8A000000 		.4byte	0x8a
 1621 011c 0B       		.byte	0xb
 1622 011d 00       		.byte	0
 1623 011e 0A       		.uleb128 0xa
 1624 011f 0A000000 		.4byte	.LASF16
 1625 0123 03       		.byte	0x3
 1626 0124 2601     		.2byte	0x126
 1627 0126 30010000 		.4byte	0x130
 1628 012a 05       		.uleb128 0x5
 1629 012b 03       		.byte	0x3
 1630 012c 00000000 		.4byte	cy_metadata
 1631 0130 07       		.uleb128 0x7
 1632 0131 0E010000 		.4byte	0x10e
 1633 0135 00       		.byte	0
 1634              		.section	.debug_abbrev,"",%progbits
 1635              	.Ldebug_abbrev0:
 1636 0000 01       		.uleb128 0x1
 1637 0001 11       		.uleb128 0x11
 1638 0002 01       		.byte	0x1
 1639 0003 25       		.uleb128 0x25
 1640 0004 0E       		.uleb128 0xe
 1641 0005 13       		.uleb128 0x13
 1642 0006 0B       		.uleb128 0xb
 1643 0007 03       		.uleb128 0x3
 1644 0008 0E       		.uleb128 0xe
 1645 0009 1B       		.uleb128 0x1b
 1646 000a 0E       		.uleb128 0xe
 1647 000b 10       		.uleb128 0x10
 1648 000c 17       		.uleb128 0x17
 1649 000d 00       		.byte	0
ARM GAS  C:\Users\Angus\AppData\Local\Temp\cchLWIqJ.s 			page 30


 1650 000e 00       		.byte	0
 1651 000f 02       		.uleb128 0x2
 1652 0010 24       		.uleb128 0x24
 1653 0011 00       		.byte	0
 1654 0012 0B       		.uleb128 0xb
 1655 0013 0B       		.uleb128 0xb
 1656 0014 3E       		.uleb128 0x3e
 1657 0015 0B       		.uleb128 0xb
 1658 0016 03       		.uleb128 0x3
 1659 0017 0E       		.uleb128 0xe
 1660 0018 00       		.byte	0
 1661 0019 00       		.byte	0
 1662 001a 03       		.uleb128 0x3
 1663 001b 16       		.uleb128 0x16
 1664 001c 00       		.byte	0
 1665 001d 03       		.uleb128 0x3
 1666 001e 0E       		.uleb128 0xe
 1667 001f 3A       		.uleb128 0x3a
 1668 0020 0B       		.uleb128 0xb
 1669 0021 3B       		.uleb128 0x3b
 1670 0022 0B       		.uleb128 0xb
 1671 0023 49       		.uleb128 0x49
 1672 0024 13       		.uleb128 0x13
 1673 0025 00       		.byte	0
 1674 0026 00       		.byte	0
 1675 0027 04       		.uleb128 0x4
 1676 0028 24       		.uleb128 0x24
 1677 0029 00       		.byte	0
 1678 002a 0B       		.uleb128 0xb
 1679 002b 0B       		.uleb128 0xb
 1680 002c 3E       		.uleb128 0x3e
 1681 002d 0B       		.uleb128 0xb
 1682 002e 03       		.uleb128 0x3
 1683 002f 08       		.uleb128 0x8
 1684 0030 00       		.byte	0
 1685 0031 00       		.byte	0
 1686 0032 05       		.uleb128 0x5
 1687 0033 01       		.uleb128 0x1
 1688 0034 01       		.byte	0x1
 1689 0035 49       		.uleb128 0x49
 1690 0036 13       		.uleb128 0x13
 1691 0037 01       		.uleb128 0x1
 1692 0038 13       		.uleb128 0x13
 1693 0039 00       		.byte	0
 1694 003a 00       		.byte	0
 1695 003b 06       		.uleb128 0x6
 1696 003c 21       		.uleb128 0x21
 1697 003d 00       		.byte	0
 1698 003e 49       		.uleb128 0x49
 1699 003f 13       		.uleb128 0x13
 1700 0040 2F       		.uleb128 0x2f
 1701 0041 05       		.uleb128 0x5
 1702 0042 00       		.byte	0
 1703 0043 00       		.byte	0
 1704 0044 07       		.uleb128 0x7
 1705 0045 26       		.uleb128 0x26
 1706 0046 00       		.byte	0
ARM GAS  C:\Users\Angus\AppData\Local\Temp\cchLWIqJ.s 			page 31


 1707 0047 49       		.uleb128 0x49
 1708 0048 13       		.uleb128 0x13
 1709 0049 00       		.byte	0
 1710 004a 00       		.byte	0
 1711 004b 08       		.uleb128 0x8
 1712 004c 34       		.uleb128 0x34
 1713 004d 00       		.byte	0
 1714 004e 03       		.uleb128 0x3
 1715 004f 0E       		.uleb128 0xe
 1716 0050 3A       		.uleb128 0x3a
 1717 0051 0B       		.uleb128 0xb
 1718 0052 3B       		.uleb128 0x3b
 1719 0053 0B       		.uleb128 0xb
 1720 0054 49       		.uleb128 0x49
 1721 0055 13       		.uleb128 0x13
 1722 0056 3F       		.uleb128 0x3f
 1723 0057 19       		.uleb128 0x19
 1724 0058 02       		.uleb128 0x2
 1725 0059 18       		.uleb128 0x18
 1726 005a 00       		.byte	0
 1727 005b 00       		.byte	0
 1728 005c 09       		.uleb128 0x9
 1729 005d 21       		.uleb128 0x21
 1730 005e 00       		.byte	0
 1731 005f 49       		.uleb128 0x49
 1732 0060 13       		.uleb128 0x13
 1733 0061 2F       		.uleb128 0x2f
 1734 0062 0B       		.uleb128 0xb
 1735 0063 00       		.byte	0
 1736 0064 00       		.byte	0
 1737 0065 0A       		.uleb128 0xa
 1738 0066 34       		.uleb128 0x34
 1739 0067 00       		.byte	0
 1740 0068 03       		.uleb128 0x3
 1741 0069 0E       		.uleb128 0xe
 1742 006a 3A       		.uleb128 0x3a
 1743 006b 0B       		.uleb128 0xb
 1744 006c 3B       		.uleb128 0x3b
 1745 006d 05       		.uleb128 0x5
 1746 006e 49       		.uleb128 0x49
 1747 006f 13       		.uleb128 0x13
 1748 0070 3F       		.uleb128 0x3f
 1749 0071 19       		.uleb128 0x19
 1750 0072 02       		.uleb128 0x2
 1751 0073 18       		.uleb128 0x18
 1752 0074 00       		.byte	0
 1753 0075 00       		.byte	0
 1754 0076 00       		.byte	0
 1755              		.section	.debug_aranges,"",%progbits
 1756 0000 14000000 		.4byte	0x14
 1757 0004 0200     		.2byte	0x2
 1758 0006 00000000 		.4byte	.Ldebug_info0
 1759 000a 04       		.byte	0x4
 1760 000b 00       		.byte	0
 1761 000c 0000     		.2byte	0
 1762 000e 0000     		.2byte	0
 1763 0010 00000000 		.4byte	0
ARM GAS  C:\Users\Angus\AppData\Local\Temp\cchLWIqJ.s 			page 32


 1764 0014 00000000 		.4byte	0
 1765              		.section	.debug_line,"",%progbits
 1766              	.Ldebug_line0:
 1767 0000 3D010000 		.section	.debug_str,"MS",%progbits,1
 1767      02003701 
 1767      00000201 
 1767      FB0E0D00 
 1767      01010101 
 1768              	.LASF9:
 1769 0000 5F5F7569 		.ascii	"__uint8_t\000"
 1769      6E74385F 
 1769      7400
 1770              	.LASF16:
 1771 000a 63795F6D 		.ascii	"cy_metadata\000"
 1771      65746164 
 1771      61746100 
 1772              	.LASF1:
 1773 0016 756E7369 		.ascii	"unsigned char\000"
 1773      676E6564 
 1773      20636861 
 1773      7200
 1774              	.LASF17:
 1775 0024 474E5520 		.ascii	"GNU C11 5.4.1 20160609 (release) [ARM/embedded-5-br"
 1775      43313120 
 1775      352E342E 
 1775      31203230 
 1775      31363036 
 1776 0057 616E6368 		.ascii	"anch revision 237715] -mcpu=cortex-m3 -mthumb -g -O"
 1776      20726576 
 1776      6973696F 
 1776      6E203233 
 1776      37373135 
 1777 008a 67202D66 		.ascii	"g -ffunction-sections -ffat-lto-objects\000"
 1777      66756E63 
 1777      74696F6E 
 1777      2D736563 
 1777      74696F6E 
 1778              	.LASF5:
 1779 00b2 6C6F6E67 		.ascii	"long unsigned int\000"
 1779      20756E73 
 1779      69676E65 
 1779      6420696E 
 1779      7400
 1780              	.LASF3:
 1781 00c4 73686F72 		.ascii	"short unsigned int\000"
 1781      7420756E 
 1781      7369676E 
 1781      65642069 
 1781      6E7400
 1782              	.LASF13:
 1783 00d7 63795F6D 		.ascii	"cy_meta_custnvl\000"
 1783      6574615F 
 1783      63757374 
 1783      6E766C00 
 1784              	.LASF12:
 1785 00e7 63795F6D 		.ascii	"cy_meta_configecc\000"
 1785      6574615F 
ARM GAS  C:\Users\Angus\AppData\Local\Temp\cchLWIqJ.s 			page 33


 1785      636F6E66 
 1785      69676563 
 1785      6300
 1786              	.LASF8:
 1787 00f9 756E7369 		.ascii	"unsigned int\000"
 1787      676E6564 
 1787      20696E74 
 1787      00
 1788              	.LASF7:
 1789 0106 6C6F6E67 		.ascii	"long long unsigned int\000"
 1789      206C6F6E 
 1789      6720756E 
 1789      7369676E 
 1789      65642069 
 1790              	.LASF10:
 1791 011d 75696E74 		.ascii	"uint8_t\000"
 1791      385F7400 
 1792              	.LASF15:
 1793 0125 63795F6D 		.ascii	"cy_meta_flashprotect\000"
 1793      6574615F 
 1793      666C6173 
 1793      6870726F 
 1793      74656374 
 1794              	.LASF14:
 1795 013a 63795F6D 		.ascii	"cy_meta_wonvl\000"
 1795      6574615F 
 1795      776F6E76 
 1795      6C00
 1796              	.LASF11:
 1797 0148 73697A65 		.ascii	"sizetype\000"
 1797      74797065 
 1797      00
 1798              	.LASF6:
 1799 0151 6C6F6E67 		.ascii	"long long int\000"
 1799      206C6F6E 
 1799      6720696E 
 1799      7400
 1800              	.LASF19:
 1801 015f 433A5C55 		.ascii	"C:\\Users\\Angus\\Documents\\PSoC Creator\\EngDesig"
 1801      73657273 
 1801      5C416E67 
 1801      75735C44 
 1801      6F63756D 
 1802 018d 6E5C556C 		.ascii	"n\\Ultra-Sonic Sensor.cydsn\000"
 1802      7472612D 
 1802      536F6E69 
 1802      63205365 
 1802      6E736F72 
 1803              	.LASF2:
 1804 01a8 73686F72 		.ascii	"short int\000"
 1804      7420696E 
 1804      7400
 1805              	.LASF4:
 1806 01b2 6C6F6E67 		.ascii	"long int\000"
 1806      20696E74 
 1806      00
 1807              	.LASF0:
ARM GAS  C:\Users\Angus\AppData\Local\Temp\cchLWIqJ.s 			page 34


 1808 01bb 7369676E 		.ascii	"signed char\000"
 1808      65642063 
 1808      68617200 
 1809              	.LASF18:
 1810 01c7 47656E65 		.ascii	"Generated_Source\\PSoC5\\cymetadata.c\000"
 1810      72617465 
 1810      645F536F 
 1810      75726365 
 1810      5C50536F 
 1811              		.ident	"GCC: (GNU Tools for ARM Embedded Processors) 5.4.1 20160609 (release) [ARM/embedded-5-bran
